base/cond...................................ok
base/if.....................................ok
base/lex....................................ok
base/num....................................ok
base/pat....................................ok
base/rs.....................................ok
base/term...................................ok
comp/bproto.................................ok
comp/cmdopt.................................ok
comp/colon..................................ok
comp/cpp....................................ok
comp/decl...................................ok
comp/hints..................................ok
comp/multiline..............................ok
comp/opsubs.................................ok
comp/our....................................ok
comp/package................................ok
comp/parser.................................ok
comp/proto..................................ok
comp/redef..................................ok
comp/require................................ok
comp/script.................................ok
comp/term...................................ok
comp/use....................................ok
comp/utf....................................ok
cmd/elsif...................................ok
cmd/for.....................................ok
cmd/mod.....................................ok
cmd/subval..................................ok
cmd/switch..................................ok
cmd/while...................................ok
run/exit....................................ok
run/fresh_perl..............................ok
run/noswitch................................ok
run/runenv..................................ok
run/switch0.................................ok
run/switcha.................................ok
run/switchC.................................ok
run/switchd.................................ok
run/switches................................ok
run/switchF.................................ok
run/switchF1................................ok
run/switchI.................................ok
run/switchn.................................ok
run/switchp.................................ok
run/switchPx................................ok
run/switcht.................................ok
run/switchx.................................ok
io/argv.....................................ok
io/binmode..................................ok
io/crlf.....................................ok
io/crlf_through.............................ok
io/dup......................................ok
io/fflush...................................ok
io/fs.......................................ok
io/inplace..................................ok
io/iprefix..................................ok
io/layers...................................ok
io/nargv....................................ok
io/open.....................................ok
io/openpid..................................ok
io/pipe.....................................ok
io/print....................................ok
io/read.....................................ok
io/tell.....................................ok
io/through..................................ok
io/utf8.....................................ok
op/64bitint.................................ok
op/alarm....................................ok
op/anonsub..................................ok
op/append...................................ok
op/args.....................................ok
op/arith....................................ok
op/array....................................ok
op/assignwarn...............................ok
op/attrs....................................ok
op/auto.....................................ok
op/avhv.....................................ok
op/bless....................................ok
op/bop......................................ok
op/caller...................................ok
op/chars....................................ok
op/chdir....................................ok
op/chop.....................................ok
op/chr......................................ok
op/closure..................................ok
op/cmp......................................ok
op/concat...................................ok
op/cond.....................................ok
op/context..................................ok
op/cproto...................................ok
op/crypt....................................ok
op/defins...................................ok
op/delete...................................ok
op/die......................................ok
op/die_exit.................................ok
op/do.......................................ok
op/each.....................................ok
op/eval.....................................ok
op/exec.....................................ok
op/exists_sub...............................ok
op/exp......................................ok
op/fh.......................................ok
op/filetest.................................ok
op/flip.....................................ok
op/fork.....................................ok
op/getpid...................................skipped
        all skipped: no ithreads
op/getppid..................................ok
op/glob.....................................ok
op/gmagic...................................ok
op/goto.....................................ok
op/goto_xs..................................ok
op/grent....................................skipped
        all skipped: no /etc/group file
op/grep.....................................ok
op/groups...................................ok
op/gv.......................................ok
op/hash.....................................ok
op/hashassign...............................ok
op/hashwarn.................................ok
op/inc......................................ok
op/inccode..................................ok
op/index....................................ok
op/int......................................ok
op/join.....................................ok
op/lc.......................................ok
op/lc_user..................................ok
op/length...................................ok
op/lex_assign...............................ok
op/lfs......................................skipped
        all skipped: no 64-bit file offsets
op/list.....................................ok
op/local....................................ok
op/localref.................................ok
op/loopctl..................................ok
op/lop......................................ok
op/magic....................................ok
op/method...................................ok
op/mkdir....................................ok
op/my.......................................ok
op/my_stash.................................ok
op/negate...................................ok
op/not......................................ok
op/nothr5005................................ok
op/numconvert...............................ok
op/oct......................................ok
op/or.......................................ok
op/ord......................................ok
op/override.................................ok
op/pack.....................................ok
op/pat......................................ok
op/pos......................................ok
op/pow......................................ok
op/push.....................................ok
op/pwent....................................skipped
        all skipped: no /etc/passwd file
op/qq.......................................ok
op/quotemeta................................ok
op/rand.....................................ok
op/range....................................ok
op/read.....................................ok
op/readdir..................................ok
op/readline.................................ok
op/recurse..................................ok
op/ref......................................ok
op/regexp...................................ok
op/regexp_noamp.............................ok
op/regmesg..................................ok
op/repeat...................................ok
op/reverse..................................ok
op/runlevel.................................ok
op/sleep....................................ok
op/sort.....................................ok
op/splice...................................ok
op/split....................................ok
op/sprintf..................................ok
op/sprintf2.................................ok
op/srand....................................ok
op/sselect..................................ok
op/stash....................................ok
op/stat.....................................# Failed at op/stat.t line 113
# it should not be '1303876684'
# but it is.
# Check if you are on a tmpfs of some sort.  Building in /tmp sometimes
# has this problem.  Building on the ClearCase VOBS filesystem may also
# cause this failure.
#
# Darwin's UFS doesn't have a ctime concept, and thus is expected to fail
# this test.
# Failed at op/stat.t line 205
# Looks like you planned 86 tests but ran 85.
FAILED tests 9, 32, 86
	Failed 3/86 tests, 96.51% okay
op/study....................................ok
op/sub......................................ok
op/sub_lval.................................ok
op/subst....................................ok
op/subst_amp................................ok
op/subst_wamp...............................ok
op/substr...................................ok
op/sysio....................................ok
op/taint....................................Insecure dependency in `` while running with -T switch at op/taint.t line 301.
# Looks like you planned 238 tests but ran 30.
dubious
	Test returned status 255 (wstat 65280, 0xff00)
DIED. FAILED tests 1-3, 5, 31-238
	Failed 212/238 tests, 10.92% okay
op/threads..................................skipped
        all skipped: no ithreads
op/tie......................................ok
op/tiearray.................................ok
op/tiehandle................................ok
op/time.....................................ok
op/tr.......................................ok
op/undef....................................ok
op/universal................................ok
op/unshift..................................ok
op/utf8decode...............................ok
op/utfhash..................................ok
op/utftaint.................................ok
op/vec......................................ok
op/ver......................................ok
op/wantarray................................ok
op/write....................................ok
uni/chomp...................................ok
uni/class...................................ok
uni/fold....................................ok
uni/lower...................................ok
uni/sprintf.................................ok
uni/title...................................ok
uni/tr_7jis.................................ok
uni/tr_eucjp................................ok
uni/tr_sjis.................................ok
uni/tr_utf8.................................ok
uni/upper...................................ok
uni/write...................................ok
lib/1_compile...............................ok
lib/commonsense.............................ok
lib/cygwin..................................skipped
        all skipped: cygwin specific test
lib/filefind-taint..........................FAILED tests 26-28, 46-48
	Failed 6/45 tests, 86.67% okay
../ext/attrs/t/attrs........................ok
../ext/B/t/asmdata..........................ok
../ext/B/t/assembler........................ok
../ext/B/t/bblock...........................ok
../ext/B/t/b................................ok
../ext/B/t/bytecode.........................ok
../ext/B/t/concise..........................ok
../ext/B/t/concise-xs.......................ok
../ext/B/t/debug............................ok
../ext/B/t/deparse..........................ok
../ext/B/t/f_map............................ok
../ext/B/t/f_sort...........................ok
../ext/B/t/lint.............................ok
../ext/B/t/optree_check.....................ok
../ext/B/t/optree_concise...................ok
../ext/B/t/optree_samples...................ok
../ext/B/t/optree_sort......................ok
../ext/B/t/optree_specials..................ok
../ext/B/t/optree_varinit...................ok
../ext/B/t/o................................ok
../ext/B/t/showlex..........................ok
../ext/B/t/stash............................ok
../ext/B/t/terse............................ok
../ext/B/t/xref.............................ok
../ext/Cwd/t/cwd............................
#   Failed test in ../ext/Cwd/t/cwd.t at line 171.
#                   '/usr/src/perl/perl-5.8.8/t/linktest'
#     doesn't match '(?-xism:t/_ptrslt_/_path_/_to_/_a_/_dir_$)'

#   Failed test in ../ext/Cwd/t/cwd.t at line 172.
#                   '/usr/src/perl/perl-5.8.8/t/linktest'
#     doesn't match '(?-xism:t/_ptrslt_/_path_/_to_/_a_/_dir_$)'
# Looks like you failed 2 tests of 29.
dubious
	Test returned status 2 (wstat 512, 0x200)
DIED. FAILED tests 22-23
	Failed 2/29 tests, 93.10% okay (less 1 skipped test: 26 okay, 89.66%)
../ext/Cwd/t/taint..........................
#   Failed test 'its return value should be tainted'
#   in ../ext/Cwd/t/taint.t at line 31.

#   Failed test 'its return value should be tainted'
#   in ../ext/Cwd/t/taint.t at line 31.

#   Failed test 'its return value should be tainted'
#   in ../ext/Cwd/t/taint.t at line 31.

#   Failed test 'its return value should be tainted'
#   in ../ext/Cwd/t/taint.t at line 31.

#   Failed test 'its return value should be tainted'
#   in ../ext/Cwd/t/taint.t at line 31.

#   Failed test 'its return value should be tainted'
#   in ../ext/Cwd/t/taint.t at line 31.

#   Failed test 'its return value should be tainted'
#   in ../ext/Cwd/t/taint.t at line 31.

#   Failed test 'its return value should be tainted'
#   in ../ext/Cwd/t/taint.t at line 31.
# Looks like you failed 8 tests of 17.
dubious
	Test returned status 8 (wstat 2048, 0x800)
DIED. FAILED tests 2, 4, 6, 8, 10, 12, 14, 16
	Failed 8/17 tests, 52.94% okay
../ext/Cwd/t/win32..........................skipped
        all skipped: this is not win32
../ext/Data/Dumper/t/bugs...................ok
../ext/Data/Dumper/t/dumper.................ok
../ext/Data/Dumper/t/freezer................ok
../ext/Data/Dumper/t/overload...............ok
../ext/Data/Dumper/t/pair...................ok
../ext/Devel/DProf/t/DProf..................ok
../ext/Devel/Peek/t/Peek....................ok
../ext/Devel/PPPort/t/call..................ok
../ext/Devel/PPPort/t/cop...................ok
../ext/Devel/PPPort/t/exception.............ok
../ext/Devel/PPPort/t/grok..................ok
../ext/Devel/PPPort/t/limits................ok
../ext/Devel/PPPort/t/magic.................ok
../ext/Devel/PPPort/t/misc..................ok
../ext/Devel/PPPort/t/mPUSH.................ok
../ext/Devel/PPPort/t/MY_CXT................ok
../ext/Devel/PPPort/t/newCONSTSUB...........ok
../ext/Devel/PPPort/t/newRV.................ok
../ext/Devel/PPPort/t/ppphtest..............ok
../ext/Devel/PPPort/t/SvPV..................ok
../ext/Devel/PPPort/t/sv_xpvf...............ok
../ext/Devel/PPPort/t/threads...............ok
../ext/Devel/PPPort/t/uv....................ok
../ext/Digest/MD5/t/align...................ok
../ext/Digest/MD5/t/badfile.................ok
../ext/Digest/MD5/t/bits....................ok
../ext/Digest/MD5/t/clone...................ok
../ext/Digest/MD5/t/files...................ok
../ext/Digest/MD5/t/md5-aaa.................ok
../ext/Digest/MD5/t/utf8....................ok
../ext/DynaLoader/t/XSLoader................ok
../ext/Encode/t/Aliases.....................ok
../ext/Encode/t/at-cn.......................ok
../ext/Encode/t/at-tw.......................ok
../ext/Encode/t/CJKT........................ok
../ext/Encode/t/enc_data....................ok
../ext/Encode/t/enc_eucjp...................ok
../ext/Encode/t/enc_module..................ok
../ext/Encode/t/Encoder.....................ok
../ext/Encode/t/Encode......................ok
../ext/Encode/t/encoding....................ok
../ext/Encode/t/enc_utf8....................ok
../ext/Encode/t/fallback....................ok
../ext/Encode/t/grow........................ok
../ext/Encode/t/gsm0338.....................ok
../ext/Encode/t/guess.......................ok
../ext/Encode/t/jperl.......................ok
../ext/Encode/t/mime_header_iso2022jp.......ok
../ext/Encode/t/mime-header.................ok
../ext/Encode/t/perlio......................ok
../ext/Encode/t/Unicode.....................ok
../ext/Encode/t/utf8strict..................ok
../ext/Errno/t/Errno........................ok
../ext/Fcntl/t/fcntl........................ok
../ext/Fcntl/t/syslfs.......................skipped
        all skipped: no 64-bit file offsets
../ext/File/Glob/t/basic....................ok
../ext/File/Glob/t/case.....................ok
../ext/File/Glob/t/global...................ok
../ext/File/Glob/t/taint....................ok
../ext/Filter/t/call........................ok
../ext/GDBM_File/t/gdbm.....................ok
../ext/IO/t/io_const........................ok
../ext/IO/t/io_dir..........................ok
../ext/IO/t/io_dup..........................ok
../ext/IO/t/io_file.........................ok
../ext/IO/t/io_linenum......................ok
../ext/IO/t/io_multihomed...................ok
../ext/IO/t/io_pipe.........................ok
../ext/IO/t/io_poll.........................ok
../ext/IO/t/io_sel..........................ok
../ext/IO/t/io_sock.........................ok
../ext/IO/t/IO..............................ok
../ext/IO/t/io_taint........................ok
../ext/IO/t/io_tell.........................ok
../ext/IO/t/io_udp..........................ok
../ext/IO/t/io_unix.........................ok
../ext/IO/t/io_utf8.........................ok
../ext/IO/t/io_xs...........................ok
../ext/List/Util/t/00version................ok
../ext/List/Util/t/blessed..................ok
../ext/List/Util/t/dualvar..................ok
../ext/List/Util/t/first....................ok
        2/17 skipped: Poor man's MULTICALL can't cope
../ext/List/Util/t/isvstring................ok
../ext/List/Util/t/lln......................ok
../ext/List/Util/t/maxstr...................ok
../ext/List/Util/t/max......................ok
../ext/List/Util/t/minstr...................ok
../ext/List/Util/t/min......................ok
../ext/List/Util/t/openhan..................ok
../ext/List/Util/t/p_blessed................ok
../ext/List/Util/t/p_first..................ok
../ext/List/Util/t/p_lln....................ok
../ext/List/Util/t/p_maxstr.................ok
../ext/List/Util/t/p_max....................ok
../ext/List/Util/t/p_minstr.................ok
../ext/List/Util/t/p_min....................ok
../ext/List/Util/t/p_openhan................ok
../ext/List/Util/t/p_readonly...............ok
../ext/List/Util/t/p_reduce.................ok
../ext/List/Util/t/p_refaddr................ok
../ext/List/Util/t/p_reftype................ok
../ext/List/Util/t/proto....................ok
../ext/List/Util/t/p_shuffle................ok
../ext/List/Util/t/p_sum....................ok
../ext/List/Util/t/p_tainted................ok
../ext/List/Util/t/readonly.................ok
../ext/List/Util/t/reduce...................ok
        2/23 skipped: Poor man's MULTICALL can't cope
../ext/List/Util/t/refaddr..................ok
../ext/List/Util/t/reftype..................ok
../ext/List/Util/t/shuffle..................ok
../ext/List/Util/t/sum......................ok
../ext/List/Util/t/tainted..................ok
../ext/List/Util/t/weak.....................ok
../ext/MIME/Base64/t/base64.................ok
../ext/MIME/Base64/t/quoted-print...........ok
../ext/MIME/Base64/t/unicode................ok
../ext/MIME/Base64/t/warn...................ok
../ext/NDBM_File/t/ndbm.....................ok
../ext/ODBM_File/t/odbm.....................ok
../ext/Opcode/t/Opcode......................ok
../ext/Opcode/t/ops.........................ok
../ext/PerlIO/t/encoding....................ok
../ext/PerlIO/t/fail........................ok
../ext/PerlIO/t/fallback....................ok
../ext/PerlIO/t/open........................ok
../ext/PerlIO/t/PerlIO......................ok
../ext/PerlIO/t/scalar......................ok
../ext/PerlIO/t/via.........................ok
../ext/POSIX/t/is...........................ok
../ext/POSIX/t/posix........................ok
../ext/POSIX/t/sigaction....................ok
../ext/POSIX/t/taint........................ok
../ext/POSIX/t/waitpid......................ok
../ext/re/t/re..............................ok
../ext/Safe/t/safe1.........................ok
../ext/Safe/t/safe2.........................ok
../ext/Safe/t/safe3.........................ok
../ext/SDBM_File/t/sdbm.....................ok
../ext/Socket/t/socketpair..................ok
        24/45 skipped: No usable SOCK_DGRAM for socketpair
../ext/Socket/t/Socket......................ok
../ext/Storable/t/attach_errors.............ok
../ext/Storable/t/attach_singleton..........ok
../ext/Storable/t/blessed...................ok
../ext/Storable/t/canonical.................ok
../ext/Storable/t/circular_hook.............ok
../ext/Storable/t/code......................ok
../ext/Storable/t/compat06..................ok
../ext/Storable/t/croak.....................ok
../ext/Storable/t/dclone....................ok
../ext/Storable/t/downgrade.................ok
../ext/Storable/t/forgive...................ok
../ext/Storable/t/freeze....................ok
../ext/Storable/t/integer...................ok
../ext/Storable/t/interwork56...............ok
../ext/Storable/t/just_plain_nasty..........ok
../ext/Storable/t/lock......................ok
../ext/Storable/t/malice....................ok
../ext/Storable/t/overload..................ok
../ext/Storable/t/recurse...................ok
../ext/Storable/t/restrict..................ok
../ext/Storable/t/retrieve..................ok
../ext/Storable/t/sig_die...................ok
../ext/Storable/t/store.....................ok
../ext/Storable/t/threads...................skipped
        all skipped: no threads
../ext/Storable/t/tied_hook.................ok
../ext/Storable/t/tied_items................ok
../ext/Storable/t/tied......................ok
../ext/Storable/t/utf8hash..................ok
../ext/Storable/t/utf8......................ok
../ext/Storable/t/weak......................ok
../ext/Sys/Hostname/t/Hostname..............ok
../ext/Sys/Syslog/t/00-load.................ok
../ext/Sys/Syslog/t/constants...............ok
        1/78 skipped: irrelevant test in this case
../ext/Sys/Syslog/t/syslog..................ok
        68/119 skipped: various reasons
../ext/threads/shared/t/0nothread...........skipped
        all skipped: no useithreads
../ext/threads/shared/t/av_refs.............skipped
        all skipped: no useithreads
../ext/threads/shared/t/av_simple...........skipped
        all skipped: no useithreads
../ext/threads/shared/t/blessed.............skipped
        all skipped: no useithreads
../ext/threads/shared/t/cond................skipped
        all skipped: no threads
../ext/threads/shared/t/disabled............ok
../ext/threads/shared/t/hv_refs.............skipped
        all skipped: no useithreads
../ext/threads/shared/t/hv_simple...........skipped
        all skipped: no useithreads
../ext/threads/shared/t/no_share............skipped
        all skipped: no useithreads
../ext/threads/shared/t/shared_attr.........skipped
        all skipped: no useithreads
../ext/threads/shared/t/sv_refs.............skipped
        all skipped: no useithreads
../ext/threads/shared/t/sv_simple...........skipped
        all skipped: no useithreads
../ext/threads/shared/t/wait................skipped
        all skipped: no threads
../ext/threads/t/basic......................skipped
        all skipped: no useithreads
../ext/threads/t/end........................skipped
        all skipped: no useithreads
../ext/threads/t/join.......................skipped
        all skipped: no useithreads
../ext/threads/t/libc.......................skipped
        all skipped: no useithreads
../ext/threads/t/list.......................skipped
        all skipped: no useithreads
../ext/threads/t/problems...................skipped
        all skipped: no useithreads
../ext/threads/t/stress_cv..................skipped
        all skipped: no useithreads
../ext/threads/t/stress_re..................skipped
        all skipped: no useithreads
../ext/threads/t/stress_string..............skipped
        all skipped: no useithreads
../ext/threads/t/thread.....................skipped
        all skipped: no useithreads
../ext/Time/HiRes/t/HiRes...................ok
../ext/Unicode/Normalize/t/fcdc.............ok
../ext/Unicode/Normalize/t/form.............ok
../ext/Unicode/Normalize/t/func.............ok
../ext/Unicode/Normalize/t/illegal..........ok
../ext/Unicode/Normalize/t/norm.............ok
../ext/Unicode/Normalize/t/null.............ok
../ext/Unicode/Normalize/t/proto............ok
../ext/Unicode/Normalize/t/short............ok
../ext/Unicode/Normalize/t/split............ok
../ext/Unicode/Normalize/t/test.............ok
../ext/Win32CORE/t/win32core................ok
../ext/XS/APItest/t/call....................ok
../ext/XS/APItest/t/hash....................ok
../ext/XS/APItest/t/printf..................ok
../ext/XS/APItest/t/push....................ok
../ext/XS/Typemap/t/Typemap.................ok
../lib/AnyDBM_File..........................ok
        1/12 skipped: different file permission semantics
../lib/Attribute/Handlers/t/multi...........ok
../lib/AutoLoader...........................ok
../lib/AutoSplit............................ok
../lib/autouse..............................ok
../lib/base/t/base..........................ok
../lib/base/t/fields-base...................ok
../lib/base/t/fields........................ok
../lib/Benchmark............................ok
../lib/bigfloatpl...........................ok
../lib/bigintpl.............................ok
../lib/bignum/t/bigint......................ok
../lib/bignum/t/bignum......................ok
../lib/bignum/t/bigrat......................ok
../lib/bignum/t/biinfnan....................ok
../lib/bignum/t/bninfnan....................ok
../lib/bignum/t/bn_lite.....................ok
../lib/bignum/t/brinfnan....................ok
../lib/bignum/t/br_lite.....................ok
../lib/bignum/t/option_a....................ok
../lib/bignum/t/option_l....................ok
../lib/bignum/t/option_p....................ok
../lib/bignum/t/ratopt_a....................ok
../lib/blib.................................ok
../lib/bytes................................ok
../lib/Carp.................................ok
../lib/CGI/t/apache.........................ok
../lib/CGI/t/can............................ok
../lib/CGI/t/carp...........................ok
../lib/CGI/t/cookie.........................ok
../lib/CGI/t/fast...........................ok
        7/7 skipped: FCGI not installed, cannot continue
../lib/CGI/t/form...........................ok
../lib/CGI/t/function.......................ok
../lib/CGI/t/html...........................ok
../lib/CGI/t/no_tabindex....................ok
../lib/CGI/t/pretty.........................ok
../lib/CGI/t/push...........................ok
        1/12 skipped: do_sleep() test may take a while
../lib/CGI/t/request........................ok
../lib/CGI/t/switch.........................ok
../lib/CGI/t/util-58........................ok
../lib/CGI/t/util...........................ok
../lib/charnames............................ok
../lib/Class/ISA/t/00_about_verbose.........ok
../lib/Class/ISA/t/01_old_junk..............ok
../lib/Class/Struct.........................ok
../lib/Config...............................ok
../lib/constant.............................ok
../lib/CPAN/t/loadme........................ok
../lib/CPAN/t/mirroredby....................ok
../lib/CPAN/t/Nox...........................ok
../lib/CPAN/t/vcmp..........................ok
../lib/DBM_Filter/t/01error.................ok
../lib/DBM_Filter/t/02core..................ok
../lib/DBM_Filter/t/compress................ok
../lib/DBM_Filter/t/encode..................ok
../lib/DBM_Filter/t/int32...................ok
../lib/DBM_Filter/t/null....................ok
../lib/DBM_Filter/t/utf8....................ok
../lib/DB...................................ok
../lib/Devel/SelfStubber....................ok
../lib/diagnostics..........................ok
../lib/Digest/t/base........................ok
../lib/Digest/t/digest......................ok
../lib/Digest/t/file........................ok
../lib/DirHandle............................ok
../lib/Dumpvalue............................ok
../lib/dumpvar..............................ok
../lib/English..............................ok
../lib/Env/t/array..........................ok
../lib/Env/t/env............................ok
../lib/Exporter.............................ok
../lib/ExtUtils/t/00compile.................ok
        37/74 skipped: Test::Pod not installed
../lib/ExtUtils/t/backwards.................ok
../lib/ExtUtils/t/basic.....................ok
../lib/ExtUtils/t/bytes.....................ok
../lib/ExtUtils/t/Command...................ok
        7/38 skipped: different file permission semantics on msys
../lib/ExtUtils/t/config....................ok
../lib/ExtUtils/t/Constant..................gcc -shared -o ExtTest.dll -Wl,--out-implib=libExtTest.dll.a -Wl,--export-all-symbols -Wl,--enable-auto-import -Wl,--stack,8388608 -Wl,--enable-auto-image-base \
-s ExtTest.o  ../../../libperl.dll.a
Creating library file: libExtTest.dll.a
mv ExtTest.dll libExtTest.dll.a ../../../lib/auto/ExtTest/
gcc -shared -o ExtTest.dll -Wl,--out-implib=libExtTest.dll.a -Wl,--export-all-symbols -Wl,--enable-auto-import -Wl,--stack,8388608 -Wl,--enable-auto-image-base \
-s ExtTest.o  ../../../libperl.dll.a
Creating library file: libExtTest.dll.a
mv ExtTest.dll libExtTest.dll.a ../../../lib/auto/ExtTest/
gcc -shared -o ExtTest.dll -Wl,--out-implib=libExtTest.dll.a -Wl,--export-all-symbols -Wl,--enable-auto-import -Wl,--stack,8388608 -Wl,--enable-auto-image-base \
-s ExtTest.o  ../../../libperl.dll.a
Creating library file: libExtTest.dll.a
mv ExtTest.dll libExtTest.dll.a ../../../lib/auto/ExtTest/
gcc -shared -o ExtTest.dll -Wl,--out-implib=libExtTest.dll.a -Wl,--export-all-symbols -Wl,--enable-auto-import -Wl,--stack,8388608 -Wl,--enable-auto-image-base \
-s ExtTest.o  ../../../libperl.dll.a
Creating library file: libExtTest.dll.a
mv ExtTest.dll libExtTest.dll.a ../../../lib/auto/ExtTest/
gcc -shared -o ExtTest.dll -Wl,--out-implib=libExtTest.dll.a -Wl,--export-all-symbols -Wl,--enable-auto-import -Wl,--stack,8388608 -Wl,--enable-auto-image-base \
-s ExtTest.o  ../../../libperl.dll.a
Creating library file: libExtTest.dll.a
mv ExtTest.dll libExtTest.dll.a ../../../lib/auto/ExtTest/
gcc -shared -o ExtTest.dll -Wl,--out-implib=libExtTest.dll.a -Wl,--export-all-symbols -Wl,--enable-auto-import -Wl,--stack,8388608 -Wl,--enable-auto-image-base \
-s ExtTest.o  ../../../libperl.dll.a
Creating library file: libExtTest.dll.a
mv ExtTest.dll libExtTest.dll.a ../../../lib/auto/ExtTest/
ok
../lib/ExtUtils/t/dir_target................ok
../lib/ExtUtils/t/Embed.....................ok
../lib/ExtUtils/t/FIRST_MAKEFILE............ok
../lib/ExtUtils/t/hints.....................ok
../lib/ExtUtils/t/installbase...............ok
../lib/ExtUtils/t/Installed.................ok
../lib/ExtUtils/t/Install...................ok
../lib/ExtUtils/t/INST_PREFIX...............ok
../lib/ExtUtils/t/INST......................ok
../lib/ExtUtils/t/Liblist...................ok
../lib/ExtUtils/t/Manifest..................ok
../lib/ExtUtils/t/Mkbootstrap...............ok
../lib/ExtUtils/t/MM_Any....................ok
../lib/ExtUtils/t/MM_BeOS...................skipped
        all skipped: This is not BeOS
../lib/ExtUtils/t/MM_Cygwin.................skipped
        all skipped: This is not cygwin
../lib/ExtUtils/t/MM_NW5....................skipped
        all skipped: This is not NW5
../lib/ExtUtils/t/MM_OS2....................skipped
        all skipped: This is not OS/2
../lib/ExtUtils/t/MM_Unix...................skipped
        all skipped: Non-Unix platform
../lib/ExtUtils/t/MM_VMS....................skipped
        all skipped: This is not VMS
../lib/ExtUtils/t/MM_Win32..................skipped
        all skipped: This is not Win32
../lib/ExtUtils/t/oneliner..................ok
../lib/ExtUtils/t/Packlist..................ok
../lib/ExtUtils/t/parse_version.............ok
../lib/ExtUtils/t/PL_FILES..................ok
../lib/ExtUtils/t/postamble.................ok
../lib/ExtUtils/t/prefixify.................ok
        1/3 skipped: Test for DOSish prefixification
../lib/ExtUtils/t/prereq_print..............ok
../lib/ExtUtils/t/problems..................ok
../lib/ExtUtils/t/prompt....................ok
../lib/ExtUtils/t/recurs....................ok
../lib/ExtUtils/t/split_command.............ok
../lib/ExtUtils/t/testlib...................ok
../lib/ExtUtils/t/VERSION_FROM..............ok
../lib/ExtUtils/t/vmsish....................ok
../lib/ExtUtils/t/writemakefile_args........ok
../lib/ExtUtils/t/xs........................skipped
        all skipped: ExtUtils::CBuilder not installed or couldn't find a compiler
../lib/Fatal................................ok
../lib/File/Basename........................ok
../lib/FileCache/t/01open...................ok
../lib/FileCache/t/02maxopen................ok
../lib/FileCache/t/03append.................ok
../lib/FileCache/t/04twoarg.................ok
../lib/FileCache/t/05override...............ok
../lib/FileCache/t/06export.................ok
../lib/FileCache/t/07noimport...............ok
../lib/File/CheckTree.......................ok
../lib/File/Compare.........................ok
../lib/File/Copy............................
#   Failed test in ../lib/File/Copy.t at line 156.

#   Failed test in ../lib/File/Copy.t at line 158.
#                   ''
#     doesn't match '(?-xism:are identical)'

#   Failed test in ../lib/File/Copy.t at line 156.

#   Failed test in ../lib/File/Copy.t at line 158.
#                   ''
#     doesn't match '(?-xism:are identical)'
# Looks like you failed 4 tests of 60.
dubious
	Test returned status 4 (wstat 1024, 0x400)
DIED. FAILED tests 28-29, 55-56
	Failed 4/60 tests, 93.33% okay
../lib/File/DosGlob.........................ok
../lib/File/Find/t/find.....................FAILED tests 3-199
	Failed 197/199 tests, 1.01% okay
../lib/File/Find/t/taint....................
#   Failed test 'Created directory for_find successfully'
#   in ../lib/File/Find/t/taint.t at line 100.

#   Failed test 'Created directory fa successfully'
#   in ../lib/File/Find/t/taint.t at line 100.

#   Failed test 'Created symbolic link'
#   in ../lib/File/Find/t/taint.t at line 248.

#   Failed test 'Expected and found fa/fsl/fb_ord'
#   in ../lib/File/Find/t/taint.t at line 107.

#   Failed test 'Expected and found fa/fsl/fba'
#   in ../lib/File/Find/t/taint.t at line 107.

#   Failed test 'Expected and found fa/fsl/fba/fba_ord'
#   in ../lib/File/Find/t/taint.t at line 107.

#   Failed test 'Bad untaint pattern causes death in cwd (good)'
#   in ../lib/File/Find/t/taint.t at line 314.
#                   ''
#     doesn't match '(?-xism:insecure cwd)'

#   Failed test 'Cwd not untainted with bad pattern (good)'
#   in ../lib/File/Find/t/taint.t at line 384.
#                   ''
#     doesn't match '(?-xism:insecure cwd)'
# Looks like you planned 45 tests but ran 3 extra.
# Looks like you failed 8 tests of 48 run.
dubious
	Test returned status 8 (wstat 2048, 0x800)
DIED. FAILED tests 3, 5, 10, 26-28, 32, 46-48
	Failed 10/45 tests, 77.78% okay
../lib/FileHandle...........................ok
../lib/File/Path............................ok
../lib/File/Spec/t/crossplatform............ok
        7/57 skipped: Can't load File::Spec::VMS
../lib/File/Spec/t/Functions................ok
../lib/File/Spec/t/rel2abs2rel..............ok
../lib/File/Spec/t/Spec.....................# Test 468 got: "///../../../a/b/../c" (../lib/File/Spec/t/Spec.t at line 672 fail #385)
#     Expected: "/a/b/../c" (File::Spec::Epoc->canonpath('///../../..//./././a//b/.././c/././'))
#  ../lib/File/Spec/t/Spec.t line 672 is:     ok $got, $expected, $function;
FAILED test 468
	Failed 1/472 tests, 99.79% okay (less 83 skipped tests: 388 okay, 82.20%)
../lib/File/stat............................ok
../lib/File/Temp/t/mktemp...................ok
../lib/File/Temp/t/object...................ok
../lib/File/Temp/t/posix....................ok
../lib/File/Temp/t/security.................ok
../lib/File/Temp/t/tempfile.................ok
../lib/filetest.............................ok
        4/15 skipped: No /usr/bin/chflags available
../lib/Filter/Simple/t/data.................ok
../lib/Filter/Simple/t/export...............ok
../lib/Filter/Simple/t/filter_only..........ok
../lib/Filter/Simple/t/filter...............ok
../lib/Filter/Simple/t/import...............ok
../lib/FindBin..............................ok
../lib/Getopt/Long/t/gol-basic..............ok
../lib/Getopt/Long/t/gol-compat.............ok
../lib/Getopt/Long/t/gol-linkage............ok
../lib/Getopt/Long/t/gol-oo.................ok
../lib/Getopt/Std...........................ok
../lib/h2ph.................................ok
../lib/h2xs.................................ok
../lib/Hash/Util............................ok
../lib/I18N/Collate.........................ok
../lib/I18N/LangTags/t/01_about_verbose.....ok
../lib/I18N/LangTags/t/05_main..............ok
../lib/I18N/LangTags/t/07_listy.............ok
../lib/I18N/LangTags/t/10_http..............ok
../lib/I18N/LangTags/t/20_locales...........ok
../lib/I18N/LangTags/t/50_super.............ok
../lib/I18N/LangTags/t/55_supers_strict.....ok
../lib/I18N/LangTags/t/80_all_env...........ok
../lib/if...................................ok
../lib/integer..............................ok
../lib/Internals............................ok
../lib/IPC/Open2............................ok
../lib/IPC/Open3............................ok
../lib/less.................................ok
../lib/lib..................................ok
../lib/Locale/Codes/t/all...................ok
../lib/Locale/Codes/t/constants.............ok
../lib/Locale/Codes/t/country...............ok
../lib/Locale/Codes/t/currency..............ok
../lib/Locale/Codes/t/languages.............ok
../lib/Locale/Codes/t/rename................ok
../lib/Locale/Codes/t/script................ok
../lib/Locale/Codes/t/uk....................ok
../lib/Locale/Maketext/t/01_about_verbose...ok
../lib/Locale/Maketext/t/10_make............ok
../lib/Locale/Maketext/t/20_get.............ok
../lib/Locale/Maketext/t/40_super...........ok
../lib/Locale/Maketext/t/50_super...........ok
../lib/Locale/Maketext/t/60_super...........ok
../lib/Locale/Maketext/t/90_utf8............ok
../lib/locale...............................ok
../lib/Math/BigInt/t/bare_mbf...............ok
../lib/Math/BigInt/t/bare_mbi...............ok
../lib/Math/BigInt/t/bare_mif...............ok
../lib/Math/BigInt/t/bigfltpm...............ok
../lib/Math/BigInt/t/bigintc................ok
../lib/Math/BigInt/t/bigintpm...............ok
../lib/Math/BigInt/t/bigints................ok
../lib/Math/BigInt/t/biglog.................ok
../lib/Math/BigInt/t/bigroot................ok
../lib/Math/BigInt/t/calling................ok
../lib/Math/BigInt/t/config.................ok
../lib/Math/BigInt/t/constant...............ok
../lib/Math/BigInt/t/const_mbf..............ok
../lib/Math/BigInt/t/downgrade..............ok
../lib/Math/BigInt/t/_e_math................ok
../lib/Math/BigInt/t/fallback...............ok
../lib/Math/BigInt/t/inf_nan................ok
../lib/Math/BigInt/t/isa....................ok
../lib/Math/BigInt/t/lib_load...............ok
../lib/Math/BigInt/t/mbf_ali................ok
../lib/Math/BigInt/t/mbi_ali................ok
../lib/Math/BigInt/t/mbimbf.................ok
../lib/Math/BigInt/t/mbi_rand...............ok
../lib/Math/BigInt/t/req_mbf0...............ok
../lib/Math/BigInt/t/req_mbf1...............ok
../lib/Math/BigInt/t/req_mbfa...............ok
../lib/Math/BigInt/t/req_mbfi...............ok
../lib/Math/BigInt/t/req_mbfn...............ok
../lib/Math/BigInt/t/req_mbfw...............ok
../lib/Math/BigInt/t/require................ok
../lib/Math/BigInt/t/sub_ali................ok
../lib/Math/BigInt/t/sub_mbf................ok
../lib/Math/BigInt/t/sub_mbi................ok
../lib/Math/BigInt/t/sub_mif................ok
../lib/Math/BigInt/t/trap...................ok
../lib/Math/BigInt/t/upgradef...............ok
../lib/Math/BigInt/t/upgrade................ok
../lib/Math/BigInt/t/use_lib1...............ok
../lib/Math/BigInt/t/use_lib2...............ok
../lib/Math/BigInt/t/use_lib3...............ok
../lib/Math/BigInt/t/use_lib4...............ok
../lib/Math/BigInt/t/use_mbfw...............ok
../lib/Math/BigInt/t/use....................ok
../lib/Math/BigInt/t/with_sub...............ok
../lib/Math/BigRat/t/big_ap.................ok
../lib/Math/BigRat/t/bigfltrt...............ok
../lib/Math/BigRat/t/bigratpm...............ok
../lib/Math/BigRat/t/bigrat.................ok
../lib/Math/BigRat/t/bigratup...............ok
../lib/Math/BigRat/t/requirer...............ok
../lib/Math/BigRat/t/trap...................ok
../lib/Math/Complex.........................ok
../lib/Math/Trig............................ok
../lib/Memoize/t/array_confusion............ok
../lib/Memoize/t/array......................ok
../lib/Memoize/t/correctness................ok
../lib/Memoize/t/errors.....................ok
../lib/Memoize/t/expfile....................ok
../lib/Memoize/t/expire.....................ok
../lib/Memoize/t/expmod_n...................ok
../lib/Memoize/t/expmod_t...................ok
../lib/Memoize/t/flush......................ok
../lib/Memoize/t/normalize..................ok
../lib/Memoize/t/prototype..................ok
../lib/Memoize/t/speed......................ok
../lib/Memoize/t/tiefeatures................ok
../lib/Memoize/t/tie_gdbm...................ok
../lib/Memoize/t/tie_ndbm...................ok
../lib/Memoize/t/tie_sdbm...................ok
../lib/Memoize/t/tie_storable...............ok
../lib/Memoize/t/tie........................ok
../lib/Memoize/t/unmemoize..................ok
../lib/Net/hostent..........................ok
        2/7 skipped: Windows will return the machine name instead of 'localhost'
../lib/Net/netent...........................skipped
        all skipped: no getnetbyname
../lib/Net/Ping/t/100_load..................ok
../lib/Net/Ping/t/110_icmp_inst.............ok
        1/2 skipped: icmp ping requires root privileges.
../lib/Net/Ping/t/120_udp_inst..............ok
../lib/Net/Ping/t/130_tcp_inst..............ok
../lib/Net/Ping/t/140_stream_inst...........ok
../lib/Net/Ping/t/150_syn_inst..............ok
../lib/Net/Ping/t/190_alarm.................ok
../lib/Net/Ping/t/200_ping_tcp..............skipped
        all skipped: network dependent test
../lib/Net/Ping/t/250_ping_hires............skipped
        all skipped: network dependent test
../lib/Net/Ping/t/300_ping_stream...........skipped
        all skipped: network dependent test
../lib/Net/Ping/t/400_ping_syn..............skipped
        all skipped: network dependent test
../lib/Net/Ping/t/410_syn_host..............skipped
        all skipped: network dependent test
../lib/Net/Ping/t/450_service...............# Failed test 9 in ../lib/Net/Ping/t/450_service.t at line 84
#  ../lib/Net/Ping/t/450_service.t line 84 is: ok $p -> ping("127.0.0.1");
# Failed test 18 in ../lib/Net/Ping/t/450_service.t at line 143
#  ../lib/Net/Ping/t/450_service.t line 143 is: ok $p -> ack();
FAILED tests 9, 18
	Failed 2/26 tests, 92.31% okay
../lib/Net/Ping/t/500_ping_icmp.............ok
        1/2 skipped: icmp ping requires root privileges.
../lib/Net/Ping/t/510_ping_udp..............ok
../lib/Net/protoent.........................ok
../lib/Net/servent..........................ok
../lib/Net/t/config.........................ok
../lib/Net/t/datasend.......................ok
../lib/Net/t/ftp............................skipped
        all skipped: no reason given
../lib/Net/t/hostname.......................ok
../lib/Net/t/netrc..........................ok
        4/20 skipped: incompatible stat() handling for OS
../lib/Net/t/nntp...........................skipped
        all skipped: no reason given
../lib/Net/t/require........................ok
../lib/Net/t/smtp...........................skipped
        all skipped: no reason given
../lib/Net/t/time...........................ok
../lib/NEXT/t/actual........................ok
../lib/NEXT/t/actuns........................ok
../lib/NEXT/t/next..........................ok
../lib/NEXT/t/unseen........................ok
../lib/open.................................ok
../lib/overload.............................ok
../lib/PerlIO/via/t/QuotedPrint.............ok
../lib/ph...................................ok
../lib/Pod/Perldoc/t/01_about_verbose.......ok
../lib/Pod/Perldoc/t/checkerbasic...........ok
../lib/Pod/Perldoc/t/perldocbasic...........ok
../lib/Pod/Perldoc/t/textbasic..............ok
../lib/Pod/t/basic..........................ok
../lib/Pod/t/contains_pod...................ok
../lib/Pod/t/eol............................ok
../lib/Pod/t/Functions......................ok
../lib/Pod/t/htmlescp.......................ok
../lib/Pod/t/htmllink.......................ok
../lib/Pod/t/htmlview.......................ok
../lib/Pod/t/InputObjects...................ok
../lib/Pod/t/man............................ok
../lib/Pod/t/parselink......................ok
../lib/Pod/t/pod2latex......................ok
../lib/Pod/t/Select.........................ok
../lib/Pod/t/text-errors....................ok
../lib/Pod/t/text-options...................ok
../lib/Pod/t/text...........................ok
../lib/Pod/t/Usage..........................ok
../lib/Pod/t/user...........................ok
../lib/Pod/t/utils..........................ok
../lib/Search/Dict..........................ok
../lib/SelectSaver..........................ok
../lib/SelfLoader...........................ok
../lib/Shell................................ok
../lib/sigtrap..............................ok
../lib/sort.................................ok
../lib/strict...............................ok
../lib/subs.................................ok
../lib/Switch/t/given.......................ok
../lib/Switch/t/nested......................ok
../lib/Switch/t/switch......................ok
../lib/Symbol...............................ok
../lib/Term/ANSIColor/test..................ok
../lib/Term/Cap.............................ok
../lib/Term/Complete........................ok
../lib/Term/ReadLine........................ok
../lib/Test/Harness/t/00compile.............ok
../lib/Test/Harness/t/assert................ok
../lib/Test/Harness/t/base..................ok
../lib/Test/Harness/t/callback..............ok
../lib/Test/Harness/t/from_line.............ok
../lib/Test/Harness/t/harness...............ok
../lib/Test/Harness/t/inc_taint.............ok
../lib/Test/Harness/t/nonumbers.............ok
../lib/Test/Harness/t/ok....................ok
../lib/Test/Harness/t/pod...................skipped
        all skipped: Test::Pod 1.00 required for testing POD
../lib/Test/Harness/t/point-parse...........ok
../lib/Test/Harness/t/point.................ok
../lib/Test/Harness/t/prove-globbing........skipped
        all skipped: Not adapted to perl core
../lib/Test/Harness/t/prove-switches........skipped
        all skipped: Not adapted to perl core
../lib/Test/Harness/t/strap-analyze.........ok
../lib/Test/Harness/t/strap.................ok
../lib/Test/Harness/t/test-harness..........ok
        31/189 skipped: various reasons
../lib/Test/Harness/t/version...............ok
../lib/Test/Simple/t/00test_harness_check...ok
../lib/Test/Simple/t/bad_plan...............ok
../lib/Test/Simple/t/bail_out...............ok
../lib/Test/Simple/t/buffer.................ok
../lib/Test/Simple/t/Builder................ok
../lib/Test/Simple/t/circular_data..........ok
../lib/Test/Simple/t/create.................ok
../lib/Test/Simple/t/curr_test..............ok
../lib/Test/Simple/t/details................ok
../lib/Test/Simple/t/diag...................ok
../lib/Test/Simple/t/eq_set.................ok
../lib/Test/Simple/t/exit...................ok
../lib/Test/Simple/t/extra_one..............ok
../lib/Test/Simple/t/extra..................ok
../lib/Test/Simple/t/fail-like..............ok
../lib/Test/Simple/t/fail-more..............ok
../lib/Test/Simple/t/fail_one...............ok
../lib/Test/Simple/t/fail...................ok
../lib/Test/Simple/t/filehandles............ok
../lib/Test/Simple/t/fork...................ok
../lib/Test/Simple/t/harness_active.........ok
../lib/Test/Simple/t/has_plan2..............ok
../lib/Test/Simple/t/has_plan...............ok
../lib/Test/Simple/t/import.................ok
../lib/Test/Simple/t/is_deeply_fail.........ok
../lib/Test/Simple/t/is_fh..................ok
../lib/Test/Simple/t/maybe_regex............ok
../lib/Test/Simple/t/missing................ok
../lib/Test/Simple/t/More...................ok
../lib/Test/Simple/t/no_diag................ok
../lib/Test/Simple/t/no_ending..............ok
../lib/Test/Simple/t/no_header..............ok
../lib/Test/Simple/t/no_plan................ok
../lib/Test/Simple/t/ok_obj.................ok
../lib/Test/Simple/t/output.................ok
../lib/Test/Simple/t/overload...............ok
../lib/Test/Simple/t/overload_threads.......ok
        1/5 skipped: not really skipped, testing overloaded reason
../lib/Test/Simple/t/plan_bad...............ok
../lib/Test/Simple/t/plan_is_noplan.........ok
../lib/Test/Simple/t/plan_no_plan...........ok
        1/6 skipped: Just testing skip with no_plan
../lib/Test/Simple/t/plan_shouldnt_import...ok
../lib/Test/Simple/t/plan_skip_all..........skipped
        all skipped: Just testing plan & skip_all
../lib/Test/Simple/t/plan...................ok
../lib/Test/Simple/t/require_ok.............ok
../lib/Test/Simple/t/reset..................ok
../lib/Test/Simple/t/simple.................ok
../lib/Test/Simple/t/skipall................ok
../lib/Test/Simple/t/skip...................ok
        7/15 skipped: Just testing the skip interface.
../lib/Test/Simple/t/sort_bug...............skipped
        all skipped: no threads
../lib/Test/Simple/t/strays.................skipped
        all skipped: not completed
../lib/Test/Simple/t/tbt_01basic............ok
../lib/Test/Simple/t/tbt_02fhrestore........ok
../lib/Test/Simple/t/tbt_03die..............ok
../lib/Test/Simple/t/tbt_04line_num.........ok
../lib/Test/Simple/t/tbt_05faildiag.........ok
../lib/Test/Simple/t/tbt_06errormess........ok
../lib/Test/Simple/t/tbt_07args.............ok
../lib/Test/Simple/t/threads................skipped
        all skipped: no threads
../lib/Test/Simple/t/thread_taint...........ok
../lib/Test/Simple/t/todo...................ok
../lib/Test/Simple/t/undef..................ok
../lib/Test/Simple/t/useing.................ok
../lib/Test/Simple/t/use_ok.................ok
../lib/Test/t/05_about_verbose..............ok
../lib/Test/t/fail..........................ok
../lib/Test/t/mix...........................ok
../lib/Test/t/multiline.....................FAILED test 2
	Failed 1/2 tests, 50.00% okay
../lib/Test/t/onfail........................ok
../lib/Test/t/qr............................ok
../lib/Test/t/skip..........................ok
../lib/Test/t/success.......................ok
        1/11 skipped: just testing skip()
../lib/Test/t/todo..........................ok
../lib/Text/Abbrev..........................ok
../lib/Text/Balanced/t/extbrk...............ok
../lib/Text/Balanced/t/extcbk...............ok
../lib/Text/Balanced/t/extdel...............ok
../lib/Text/Balanced/t/extmul...............ok
../lib/Text/Balanced/t/extqlk...............ok
../lib/Text/Balanced/t/exttag...............ok
../lib/Text/Balanced/t/extvar...............ok
../lib/Text/Balanced/t/gentag...............ok
../lib/Text/ParseWords......................ok
../lib/Text/ParseWords/taint................ok
../lib/Text/Soundex.........................ok
../lib/Text/TabsWrap/t/fill.................ok
../lib/Text/TabsWrap/t/tabs.................ok
../lib/Text/TabsWrap/t/wrap.................ok
../lib/Thread/Queue.........................skipped
        all skipped: no ithreads
../lib/Thread/Semaphore.....................skipped
        all skipped: no ithreads
../lib/Tie/Array/push.......................ok
../lib/Tie/Array/splice.....................ok
../lib/Tie/Array/stdpush....................ok
../lib/Tie/Array/std........................ok
../lib/Tie/File/t/00_version................ok
../lib/Tie/File/t/01_gen....................ok
../lib/Tie/File/t/02_fetchsize..............ok
../lib/Tie/File/t/03_longfetch..............ok
../lib/Tie/File/t/04_splice.................ok
../lib/Tie/File/t/05_size...................ok
../lib/Tie/File/t/06_fixrec.................ok
../lib/Tie/File/t/07_rv_splice..............ok
../lib/Tie/File/t/08_ro.....................ok
../lib/Tie/File/t/09_gen_rs.................ok
../lib/Tie/File/t/10_splice_rs..............ok
../lib/Tie/File/t/11_rv_splice_rs...........ok
../lib/Tie/File/t/12_longfetch_rs...........ok
../lib/Tie/File/t/13_size_rs................ok
../lib/Tie/File/t/14_lock...................ok
../lib/Tie/File/t/15_pushpop................ok
../lib/Tie/File/t/16_handle.................ok
../lib/Tie/File/t/17_misc_meth..............ok
../lib/Tie/File/t/18_rs_fixrec..............ok
../lib/Tie/File/t/19_cache..................ok
../lib/Tie/File/t/20_cache_full.............ok
../lib/Tie/File/t/21_win32..................skipped
        all skipped: no reason given
../lib/Tie/File/t/22_autochomp..............ok
../lib/Tie/File/t/23_rv_ac_splice...........ok
../lib/Tie/File/t/24_cache_loop.............ok
../lib/Tie/File/t/25_gen_nocache............ok
../lib/Tie/File/t/26_twrite.................ok
../lib/Tie/File/t/27_iwrite.................ok
../lib/Tie/File/t/28_mtwrite................ok
../lib/Tie/File/t/29a_upcopy................ok
../lib/Tie/File/t/29_downcopy...............ok
../lib/Tie/File/t/30_defer..................ok
../lib/Tie/File/t/31_autodefer..............ok
../lib/Tie/File/t/32_defer_misc.............ok
../lib/Tie/File/t/33_defer_vs...............ok
../lib/Tie/File/t/40_abs_cache..............ok
../lib/Tie/File/t/41_heap...................ok
../lib/Tie/File/t/42_offset.................ok
../lib/Tie/Handle/stdhandle.................ok
../lib/Tie/Memoize..........................ok
../lib/Tie/RefHash..........................ok
../lib/Tie/Scalar...........................ok
../lib/Tie/SubstrHash.......................ok
../lib/Time/gmtime..........................ok
../lib/Time/Local...........................ok
../lib/Time/localtime.......................ok
../lib/Unicode/Collate/t/altern.............ok
../lib/Unicode/Collate/t/cjkrange...........ok
../lib/Unicode/Collate/t/contract...........ok
../lib/Unicode/Collate/t/hangtype...........ok
../lib/Unicode/Collate/t/hangul.............ok
../lib/Unicode/Collate/t/ignor..............ok
../lib/Unicode/Collate/t/illegalp...........ok
../lib/Unicode/Collate/t/illegal............ok
../lib/Unicode/Collate/t/index..............ok
../lib/Unicode/Collate/t/normal.............ok
../lib/Unicode/Collate/t/override...........ok
../lib/Unicode/Collate/t/rearrang...........ok
../lib/Unicode/Collate/t/test...............ok
../lib/Unicode/Collate/t/trailwt............ok
../lib/Unicode/Collate/t/variable...........ok
../lib/Unicode/Collate/t/version............ok
../lib/Unicode/Collate/t/view...............ok
../lib/Unicode/UCD..........................ok
../lib/User/grent...........................ok
../lib/User/pwent...........................ok
../lib/utf8.................................ok
../lib/vars.................................ok
../lib/vmsish...............................ok
../lib/warnings.............................ok
pod/emptycmd................................ok
pod/find....................................ok
pod/for.....................................ok
pod/headings................................ok
pod/include.................................ok
pod/included................................ok
pod/lref....................................ok
pod/multiline_items.........................ok
pod/nested_items............................ok
pod/nested_seqs.............................ok
pod/oneline_cmds............................ok
pod/plainer.................................ok
pod/pod2usage...............................ok
pod/pod2usage2..............................ok
pod/poderrs.................................ok
pod/podselect...............................ok
pod/special_seqs............................ok
x2p/s2p.....................................ok
Failed Test                     Stat Wstat Total Fail  Failed  List of Failed
-------------------------------------------------------------------------------
../ext/Cwd/t/cwd.t                 2   512    29    2   6.90%  22-23
../ext/Cwd/t/taint.t               8  2048    17    8  47.06%  2 4 6 8 10 12 14
                                                               16
../lib/File/Copy.t                 4  1024    60    4   6.67%  28-29 55-56
../lib/File/Find/t/find.t                    199  197  98.99%  3-199
../lib/File/Find/t/taint.t         8  2048    45   11  24.44%  3 5 10 26-28 32
                                                               46-48
../lib/File/Spec/t/Spec.t                    472    1   0.21%  468
../lib/Net/Ping/t/450_service.t               26    2   7.69%  9 18
../lib/Test/t/multiline.t                      2    1  50.00%  2
lib/filefind-taint.t                          45    6  13.33%  26-28 46-48
op/stat.t                                     86    3   3.49%  9 32 86
op/taint.t                       255 65280   238  420 176.47%  1-3 5 31-238
58 tests and 295 subtests skipped.
Failed 11/993 test scripts, 98.89% okay. 435/117043 subtests failed, 99.63% okay.
