Warning: prerequisite Test::Harness 2.62 not found. We have 2.56.
Checking if your kit is complete...
Looks good
Writing Makefile for CPAN
cp lib/CPAN.pm blib/lib/CPAN.pm
cp lib/CPAN/Admin.pm blib/lib/CPAN/Admin.pm
cp lib/CPAN/Tarzip.pm blib/lib/CPAN/Tarzip.pm
cp lib/CPAN/Debug.pm blib/lib/CPAN/Debug.pm
cp lib/CPAN/HandleConfig.pm blib/lib/CPAN/HandleConfig.pm
cp lib/CPAN/Queue.pm blib/lib/CPAN/Queue.pm
cp lib/CPAN/Kwalify/distroprefs.yml blib/lib/CPAN/Kwalify/distroprefs.yml
cp lib/CPAN/Version.pm blib/lib/CPAN/Version.pm
cp lib/CPAN/Kwalify.pm blib/lib/CPAN/Kwalify.pm
cp lib/CPAN/Kwalify/distroprefs.dd blib/lib/CPAN/Kwalify/distroprefs.dd
cp lib/CPAN/Nox.pm blib/lib/CPAN/Nox.pm
cp lib/CPAN/FirstTime.pm blib/lib/CPAN/FirstTime.pm
cp scripts/cpan blib/script/cpan
/bin/perl.exe "-MExtUtils::MY" -e "MY->fixin(shift)" blib/script/cpan
/bin/perl.exe "-MExtUtils::Command::MM" "-e" "test_harness(0, 'blib/lib', 'blib/arch')" t/*.t
t/00signature......ok
        1/1 skipped: - no Module::Signature found [INC = /usr/src/perl/exts/CPAN-1.9102/blib/lib /usr/src/perl/exts/CPAN-1.9102/blib/arch /usr/lib/perl5/5.8/msys /usr/lib/perl5/5.8 /usr/lib/perl5/site_perl/5.8/msys /usr/lib/perl5/site_perl/5.8 /usr/lib/perl5/site_perl/5.8 /usr/lib/perl5/vendor_perl/5.8/msys /usr/lib/perl5/vendor_perl/5.8 /usr/lib/perl5/vendor_perl/5.8 .]
t/01loadme.........ok
t/02nox............ok
t/03pkgs...........ok
t/10version........ok
t/11mirroredby.....ok
t/12cpan...........ok
t/30shell..........skipped
        all skipped: no Expect, maybe try env CPAN_RUN_SHELL_TEST_WITHOUT_EXPECT=1
t/31sessions.......
#   Failed test 'command[test CPAN::Test::Dummy::Perl5::Build::Fails]'
#   in t/31sessions.t at line 180.
#                   'Running test for module 'CPAN::Test::Dummy::Perl5::Build::Fails'
# Running make for A/AN/ANDK/CPAN-Test-Dummy-Perl5-Build-Fails-1.03.tar.gz
# Prepending /usr/src/perl/exts/CPAN-1.9102/t/dot-cpan/build/CPAN-Test-Dummy-Perl5-Make-1.05-e45eAY/blib/arch /usr/src/perl/exts/CPAN-1.9102/t/dot-cpan/build/CPAN-Test-Dummy-Perl5-Make-1.05-e45eAY/blib/lib to PERL5LIB for 'get'
# Checksum for /usr/src/perl/exts/CPAN-1.9102/t/CPAN/authors/id/A/AN/ANDK/CPAN-Test-Dummy-Perl5-Build-Fails-1.03.tar.gz ok
# CPAN-Test-Dummy-Perl5-Build-Fails-1.03/
# CPAN-Test-Dummy-Perl5-Build-Fails-1.03/t/
# CPAN-Test-Dummy-Perl5-Build-Fails-1.03/t/00_load.t
# CPAN-Test-Dummy-Perl5-Build-Fails-1.03/MANIFEST
# CPAN-Test-Dummy-Perl5-Build-Fails-1.03/META.yml
# CPAN-Test-Dummy-Perl5-Build-Fails-1.03/Changes
# CPAN-Test-Dummy-Perl5-Build-Fails-1.03/lib/
# CPAN-Test-Dummy-Perl5-Build-Fails-1.03/lib/CPAN/
# CPAN-Test-Dummy-Perl5-Build-Fails-1.03/lib/CPAN/Test/
# CPAN-Test-Dummy-Perl5-Build-Fails-1.03/lib/CPAN/Test/Dummy/
# CPAN-Test-Dummy-Perl5-Build-Fails-1.03/lib/CPAN/Test/Dummy/Perl5/
# CPAN-Test-Dummy-Perl5-Build-Fails-1.03/lib/CPAN/Test/Dummy/Perl5/Build/
# CPAN-Test-Dummy-Perl5-Build-Fails-1.03/lib/CPAN/Test/Dummy/Perl5/Build/Fails.pm
# CPAN-Test-Dummy-Perl5-Build-Fails-1.03/README
# CPAN-Test-Dummy-Perl5-Build-Fails-1.03/Build.PL
# Prepending /usr/src/perl/exts/CPAN-1.9102/t/dot-cpan/build/CPAN-Test-Dummy-Perl5-Make-1.05-e45eAY/blib/arch /usr/src/perl/exts/CPAN-1.9102/t/dot-cpan/build/CPAN-Test-Dummy-Perl5-Make-1.05-e45eAY/blib/lib to PERL5LIB for 'make'
# 
#   CPAN.pm: Going to build A/AN/ANDK/CPAN-Test-Dummy-Perl5-Build-Fails-1.03.tar.gz
# 
# Checking whether your kit is complete...
# Looks good
# 
# Checking prerequisites...
# Looks good
# 
# Creating new 'Build' script for 'CPAN-Test-Dummy-Perl5-Build-Fails' version '1.03'
# CPAN: Module::Build loaded ok (v0.2808)
# Copying lib/CPAN/Test/Dummy/Perl5/Build/Fails.pm -> blib/lib/CPAN/Test/Dummy/Perl5/Build/Fails.pm
# Manifying blib/lib/CPAN/Test/Dummy/Perl5/Build/Fails.pm -> blib/libdoc/CPAN.Test.Dummy.Perl5.Build.Fails.3pm
#   ANDK/CPAN-Test-Dummy-Perl5-Build-Fails-1.03.tar.gz
#   ./Build -- OK
# Prepending /usr/src/perl/exts/CPAN-1.9102/t/dot-cpan/build/CPAN-Test-Dummy-Perl5-Make-1.05-e45eAY/blib/arch /usr/src/perl/exts/CPAN-1.9102/t/dot-cpan/build/CPAN-Test-Dummy-Perl5-Make-1.05-e45eAY/blib/lib to PERL5LIB for 'test'
# Running Build test
# The version of your Test::Harness is only
#   '2.56', you need at least '2.62'. Please upgrade your Test::Harness.
# Failed during this command:
#  ANDK/CPAN-Test-Dummy-Perl5-Build-Fails-1.03.tar.gz: make_test NO Test::Harness too old
# '
#     doesn't match '/t/00_load.+FAILED/'
# ['    patch              [ ]
Please use \'o conf commit\' to make the config permanent!

']['Going to read /usr/src/perl/exts/CPAN-1.9102/t/dot-cpan/build/
DONE
Found no old builds, restored the state of none
Running test for module \'CPAN::Test::Dummy::Perl5::Make\'
Running make for A/AN/ANDK/CPAN-Test-Dummy-Perl5-Make-1.05.tar.gz
CPAN: Digest::SHA loaded ok (v5.45)
Checksum for /usr/src/perl/exts/CPAN-1.9102/t/CPAN/authors/id/A/AN/ANDK/CPAN-Test-Dummy-Perl5-Make-1.05.tar.gz ok
Scanning cache /usr/src/perl/exts/CPAN-1.9102/t/dot-cpan/build for sizes
DONE
CPAN-Test-Dummy-Perl5-Make-1.05/
CPAN-Test-Dummy-Perl5-Make-1.05/t/
CPAN-Test-Dummy-Perl5-Make-1.05/t/00_load.t
CPAN-Test-Dummy-Perl5-Make-1.05/MANIFEST
CPAN-Test-Dummy-Perl5-Make-1.05/lib/
CPAN-Test-Dummy-Perl5-Make-1.05/lib/Bundle/
CPAN-Test-Dummy-Perl5-Make-1.05/lib/Bundle/CpanTestDummies.pm
CPAN-Test-Dummy-Perl5-Make-1.05/lib/CPAN/
CPAN-Test-Dummy-Perl5-Make-1.05/lib/CPAN/Test/
CPAN-Test-Dummy-Perl5-Make-1.05/lib/CPAN/Test/Dummy/
CPAN-Test-Dummy-Perl5-Make-1.05/lib/CPAN/Test/Dummy/Perl5/
CPAN-Test-Dummy-Perl5-Make-1.05/lib/CPAN/Test/Dummy/Perl5/Make.pm
CPAN-Test-Dummy-Perl5-Make-1.05/Changes
CPAN-Test-Dummy-Perl5-Make-1.05/README
CPAN-Test-Dummy-Perl5-Make-1.05/Makefile.PL
CPAN-Test-Dummy-Perl5-Make-1.05/META.yml
CPAN: File::Temp loaded ok (v0.18)

  CPAN.pm: Going to build A/AN/ANDK/CPAN-Test-Dummy-Perl5-Make-1.05.tar.gz

Checking if your kit is complete...
Looks good
Writing Makefile for CPAN::Test::Dummy::Perl5::Make
make[1]: Entering directory `/usr/src/perl/exts/CPAN-1.9102/t/dot-cpan/build/CPAN-Test-Dummy-Perl5-Make-1.05-e45eAY\'
cp lib/Bundle/CpanTestDummies.pm blib/lib/Bundle/CpanTestDummies.pm
cp lib/CPAN/Test/Dummy/Perl5/Make.pm blib/lib/CPAN/Test/Dummy/Perl5/Make.pm
make[1]: Leaving directory `/usr/src/perl/exts/CPAN-1.9102/t/dot-cpan/build/CPAN-Test-Dummy-Perl5-Make-1.05-e45eAY\'
  ANDK/CPAN-Test-Dummy-Perl5-Make-1.05.tar.gz
  /bin/make -- OK
Running make test
make[1]: Entering directory `/usr/src/perl/exts/CPAN-1.9102/t/dot-cpan/build/CPAN-Test-Dummy-Perl5-Make-1.05-e45eAY\'
/bin/perl.exe "-MExtUtils::Command::MM" "-e" "test_harness(0, \'blib/lib\', \'blib/arch\')" t/*.t
t/00_load....ok
All tests successful.
Files=1, Tests=2,  0 wallclock secs ( 0.08 cusr +  0.12 csys =  0.20 CPU)
make[1]: Leaving directory `/usr/src/perl/exts/CPAN-1.9102/t/dot-cpan/build/CPAN-Test-Dummy-Perl5-Make-1.05-e45eAY\'
  ANDK/CPAN-Test-Dummy-Perl5-Make-1.05.tar.gz
  /bin/make test -- OK
']['Running get for module \'CPAN::Test::Dummy::Perl5::Make\'
Prepending /usr/src/perl/exts/CPAN-1.9102/t/dot-cpan/build/CPAN-Test-Dummy-Perl5-Make-1.05-e45eAY/blib/arch /usr/src/perl/exts/CPAN-1.9102/t/dot-cpan/build/CPAN-Test-Dummy-Perl5-Make-1.05-e45eAY/blib/lib to PERL5LIB for \'get\'
  Has already been unwrapped into directory /usr/src/perl/exts/CPAN-1.9102/t/dot-cpan/build/CPAN-Test-Dummy-Perl5-Make-1.05-e45eAY
']['Running make for module \'CPAN::Test::Dummy::Perl5::Make\'
Running make for A/AN/ANDK/CPAN-Test-Dummy-Perl5-Make-1.05.tar.gz
Prepending /usr/src/perl/exts/CPAN-1.9102/t/dot-cpan/build/CPAN-Test-Dummy-Perl5-Make-1.05-e45eAY/blib/arch /usr/src/perl/exts/CPAN-1.9102/t/dot-cpan/build/CPAN-Test-Dummy-Perl5-Make-1.05-e45eAY/blib/lib to PERL5LIB for \'get\'
  Has already been unwrapped into directory /usr/src/perl/exts/CPAN-1.9102/t/dot-cpan/build/CPAN-Test-Dummy-Perl5-Make-1.05-e45eAY
Prepending /usr/src/perl/exts/CPAN-1.9102/t/dot-cpan/build/CPAN-Test-Dummy-Perl5-Make-1.05-e45eAY/blib/arch /usr/src/perl/exts/CPAN-1.9102/t/dot-cpan/build/CPAN-Test-Dummy-Perl5-Make-1.05-e45eAY/blib/lib to PERL5LIB for \'make\'
  Has already been made
']['Running test for module \'CPAN::Test::Dummy::Perl5::Make\'
Running make for A/AN/ANDK/CPAN-Test-Dummy-Perl5-Make-1.05.tar.gz
Prepending /usr/src/perl/exts/CPAN-1.9102/t/dot-cpan/build/CPAN-Test-Dummy-Perl5-Make-1.05-e45eAY/blib/arch /usr/src/perl/exts/CPAN-1.9102/t/dot-cpan/build/CPAN-Test-Dummy-Perl5-Make-1.05-e45eAY/blib/lib to PERL5LIB for \'get\'
  Has already been unwrapped into directory /usr/src/perl/exts/CPAN-1.9102/t/dot-cpan/build/CPAN-Test-Dummy-Perl5-Make-1.05-e45eAY
Prepending /usr/src/perl/exts/CPAN-1.9102/t/dot-cpan/build/CPAN-Test-Dummy-Perl5-Make-1.05-e45eAY/blib/arch /usr/src/perl/exts/CPAN-1.9102/t/dot-cpan/build/CPAN-Test-Dummy-Perl5-Make-1.05-e45eAY/blib/lib to PERL5LIB for \'make\'
  Has already been made
Prepending /usr/src/perl/exts/CPAN-1.9102/t/dot-cpan/build/CPAN-Test-Dummy-Perl5-Make-1.05-e45eAY/blib/arch /usr/src/perl/exts/CPAN-1.9102/t/dot-cpan/build/CPAN-Test-Dummy-Perl5-Make-1.05-e45eAY/blib/lib to PERL5LIB for \'test\'
Running make test
  Has already been tested successfully
']['Running test for module \'CPAN::Test::Dummy::Perl5::Make\'
Running make for A/AN/ANDK/CPAN-Test-Dummy-Perl5-Make-1.05.tar.gz
Prepending /usr/src/perl/exts/CPAN-1.9102/t/dot-cpan/build/CPAN-Test-Dummy-Perl5-Make-1.05-e45eAY/blib/arch /usr/src/perl/exts/CPAN-1.9102/t/dot-cpan/build/CPAN-Test-Dummy-Perl5-Make-1.05-e45eAY/blib/lib to PERL5LIB for \'get\'
  Has already been unwrapped into directory /usr/src/perl/exts/CPAN-1.9102/t/dot-cpan/build/CPAN-Test-Dummy-Perl5-Make-1.05-e45eAY
Prepending /usr/src/perl/exts/CPAN-1.9102/t/dot-cpan/build/CPAN-Test-Dummy-Perl5-Make-1.05-e45eAY/blib/arch /usr/src/perl/exts/CPAN-1.9102/t/dot-cpan/build/CPAN-Test-Dummy-Perl5-Make-1.05-e45eAY/blib/lib to PERL5LIB for \'make\'
  Has already been made
Prepending /usr/src/perl/exts/CPAN-1.9102/t/dot-cpan/build/CPAN-Test-Dummy-Perl5-Make-1.05-e45eAY/blib/arch /usr/src/perl/exts/CPAN-1.9102/t/dot-cpan/build/CPAN-Test-Dummy-Perl5-Make-1.05-e45eAY/blib/lib to PERL5LIB for \'test\'
Running make test
make[1]: Entering directory `/usr/src/perl/exts/CPAN-1.9102/t/dot-cpan/build/CPAN-Test-Dummy-Perl5-Make-1.05-e45eAY\'
/bin/perl.exe "-MExtUtils::Command::MM" "-e" "test_harness(0, \'blib/lib\', \'blib/arch\')" t/*.t
t/00_load....ok
All tests successful.
Files=1, Tests=2,  0 wallclock secs ( 0.04 cusr +  0.14 csys =  0.18 CPU)
make[1]: Leaving directory `/usr/src/perl/exts/CPAN-1.9102/t/dot-cpan/build/CPAN-Test-Dummy-Perl5-Make-1.05-e45eAY\'
  ANDK/CPAN-Test-Dummy-Perl5-Make-1.05.tar.gz
  /bin/make test -- OK
'] at t/31sessions.t line 184.

#   Failed test 'command[test CPAN::Test::Dummy::Perl5::Build::Fails]'
#   in t/31sessions.t at line 180.
#                   'Running test for module 'CPAN::Test::Dummy::Perl5::Build::Fails'
# Running Build for A/AN/ANDK/CPAN-Test-Dummy-Perl5-Build-Fails-1.03.tar.gz
# Prepending /usr/src/perl/exts/CPAN-1.9102/t/dot-cpan/build/CPAN-Test-Dummy-Perl5-Make-1.05-e45eAY/blib/arch /usr/src/perl/exts/CPAN-1.9102/t/dot-cpan/build/CPAN-Test-Dummy-Perl5-Make-1.05-e45eAY/blib/lib to PERL5LIB for 'get'
#   Has already been unwrapped into directory /usr/src/perl/exts/CPAN-1.9102/t/dot-cpan/build/CPAN-Test-Dummy-Perl5-Build-Fails-1.03-MeC0nl
# Prepending /usr/src/perl/exts/CPAN-1.9102/t/dot-cpan/build/CPAN-Test-Dummy-Perl5-Make-1.05-e45eAY/blib/arch /usr/src/perl/exts/CPAN-1.9102/t/dot-cpan/build/CPAN-Test-Dummy-Perl5-Make-1.05-e45eAY/blib/lib to PERL5LIB for 'make'
#   Has already been made
# Prepending /usr/src/perl/exts/CPAN-1.9102/t/dot-cpan/build/CPAN-Test-Dummy-Perl5-Make-1.05-e45eAY/blib/arch /usr/src/perl/exts/CPAN-1.9102/t/dot-cpan/build/CPAN-Test-Dummy-Perl5-Make-1.05-e45eAY/blib/lib to PERL5LIB for 'test'
# Running Build test
# The version of your Test::Harness is only
#   '2.56', you need at least '2.62'. Please upgrade your Test::Harness.
# Failed during this command:
#  ANDK/CPAN-Test-Dummy-Perl5-Build-Fails-1.03.tar.gz: make_test NO Test::Harness too old
# '
#     doesn't match '/t/00_load.+FAILED/'
# ['Going to read /usr/src/perl/exts/CPAN-1.9102/t/dot-cpan/build/
DONE
Found no old builds, restored the state of none
Running test for module \'CPAN::Test::Dummy::Perl5::Make\'
Running make for A/AN/ANDK/CPAN-Test-Dummy-Perl5-Make-1.05.tar.gz
CPAN: Digest::SHA loaded ok (v5.45)
Checksum for /usr/src/perl/exts/CPAN-1.9102/t/CPAN/authors/id/A/AN/ANDK/CPAN-Test-Dummy-Perl5-Make-1.05.tar.gz ok
Scanning cache /usr/src/perl/exts/CPAN-1.9102/t/dot-cpan/build for sizes
DONE
CPAN-Test-Dummy-Perl5-Make-1.05/
CPAN-Test-Dummy-Perl5-Make-1.05/t/
CPAN-Test-Dummy-Perl5-Make-1.05/t/00_load.t
CPAN-Test-Dummy-Perl5-Make-1.05/MANIFEST
CPAN-Test-Dummy-Perl5-Make-1.05/lib/
CPAN-Test-Dummy-Perl5-Make-1.05/lib/Bundle/
CPAN-Test-Dummy-Perl5-Make-1.05/lib/Bundle/CpanTestDummies.pm
CPAN-Test-Dummy-Perl5-Make-1.05/lib/CPAN/
CPAN-Test-Dummy-Perl5-Make-1.05/lib/CPAN/Test/
CPAN-Test-Dummy-Perl5-Make-1.05/lib/CPAN/Test/Dummy/
CPAN-Test-Dummy-Perl5-Make-1.05/lib/CPAN/Test/Dummy/Perl5/
CPAN-Test-Dummy-Perl5-Make-1.05/lib/CPAN/Test/Dummy/Perl5/Make.pm
CPAN-Test-Dummy-Perl5-Make-1.05/Changes
CPAN-Test-Dummy-Perl5-Make-1.05/README
CPAN-Test-Dummy-Perl5-Make-1.05/Makefile.PL
CPAN-Test-Dummy-Perl5-Make-1.05/META.yml
CPAN: File::Temp loaded ok (v0.18)

  CPAN.pm: Going to build A/AN/ANDK/CPAN-Test-Dummy-Perl5-Make-1.05.tar.gz

Checking if your kit is complete...
Looks good
Writing Makefile for CPAN::Test::Dummy::Perl5::Make
make[1]: Entering directory `/usr/src/perl/exts/CPAN-1.9102/t/dot-cpan/build/CPAN-Test-Dummy-Perl5-Make-1.05-e45eAY\'
cp lib/Bundle/CpanTestDummies.pm blib/lib/Bundle/CpanTestDummies.pm
cp lib/CPAN/Test/Dummy/Perl5/Make.pm blib/lib/CPAN/Test/Dummy/Perl5/Make.pm
make[1]: Leaving directory `/usr/src/perl/exts/CPAN-1.9102/t/dot-cpan/build/CPAN-Test-Dummy-Perl5-Make-1.05-e45eAY\'
  ANDK/CPAN-Test-Dummy-Perl5-Make-1.05.tar.gz
  /bin/make -- OK
Running make test
make[1]: Entering directory `/usr/src/perl/exts/CPAN-1.9102/t/dot-cpan/build/CPAN-Test-Dummy-Perl5-Make-1.05-e45eAY\'
/bin/perl.exe "-MExtUtils::Command::MM" "-e" "test_harness(0, \'blib/lib\', \'blib/arch\')" t/*.t
t/00_load....ok
All tests successful.
Files=1, Tests=2,  0 wallclock secs ( 0.08 cusr +  0.12 csys =  0.20 CPU)
make[1]: Leaving directory `/usr/src/perl/exts/CPAN-1.9102/t/dot-cpan/build/CPAN-Test-Dummy-Perl5-Make-1.05-e45eAY\'
  ANDK/CPAN-Test-Dummy-Perl5-Make-1.05.tar.gz
  /bin/make test -- OK
']['Running get for module \'CPAN::Test::Dummy::Perl5::Make\'
Prepending /usr/src/perl/exts/CPAN-1.9102/t/dot-cpan/build/CPAN-Test-Dummy-Perl5-Make-1.05-e45eAY/blib/arch /usr/src/perl/exts/CPAN-1.9102/t/dot-cpan/build/CPAN-Test-Dummy-Perl5-Make-1.05-e45eAY/blib/lib to PERL5LIB for \'get\'
  Has already been unwrapped into directory /usr/src/perl/exts/CPAN-1.9102/t/dot-cpan/build/CPAN-Test-Dummy-Perl5-Make-1.05-e45eAY
']['Running make for module \'CPAN::Test::Dummy::Perl5::Make\'
Running make for A/AN/ANDK/CPAN-Test-Dummy-Perl5-Make-1.05.tar.gz
Prepending /usr/src/perl/exts/CPAN-1.9102/t/dot-cpan/build/CPAN-Test-Dummy-Perl5-Make-1.05-e45eAY/blib/arch /usr/src/perl/exts/CPAN-1.9102/t/dot-cpan/build/CPAN-Test-Dummy-Perl5-Make-1.05-e45eAY/blib/lib to PERL5LIB for \'get\'
  Has already been unwrapped into directory /usr/src/perl/exts/CPAN-1.9102/t/dot-cpan/build/CPAN-Test-Dummy-Perl5-Make-1.05-e45eAY
Prepending /usr/src/perl/exts/CPAN-1.9102/t/dot-cpan/build/CPAN-Test-Dummy-Perl5-Make-1.05-e45eAY/blib/arch /usr/src/perl/exts/CPAN-1.9102/t/dot-cpan/build/CPAN-Test-Dummy-Perl5-Make-1.05-e45eAY/blib/lib to PERL5LIB for \'make\'
  Has already been made
']['Running test for module \'CPAN::Test::Dummy::Perl5::Make\'
Running make for A/AN/ANDK/CPAN-Test-Dummy-Perl5-Make-1.05.tar.gz
Prepending /usr/src/perl/exts/CPAN-1.9102/t/dot-cpan/build/CPAN-Test-Dummy-Perl5-Make-1.05-e45eAY/blib/arch /usr/src/perl/exts/CPAN-1.9102/t/dot-cpan/build/CPAN-Test-Dummy-Perl5-Make-1.05-e45eAY/blib/lib to PERL5LIB for \'get\'
  Has already been unwrapped into directory /usr/src/perl/exts/CPAN-1.9102/t/dot-cpan/build/CPAN-Test-Dummy-Perl5-Make-1.05-e45eAY
Prepending /usr/src/perl/exts/CPAN-1.9102/t/dot-cpan/build/CPAN-Test-Dummy-Perl5-Make-1.05-e45eAY/blib/arch /usr/src/perl/exts/CPAN-1.9102/t/dot-cpan/build/CPAN-Test-Dummy-Perl5-Make-1.05-e45eAY/blib/lib to PERL5LIB for \'make\'
  Has already been made
Prepending /usr/src/perl/exts/CPAN-1.9102/t/dot-cpan/build/CPAN-Test-Dummy-Perl5-Make-1.05-e45eAY/blib/arch /usr/src/perl/exts/CPAN-1.9102/t/dot-cpan/build/CPAN-Test-Dummy-Perl5-Make-1.05-e45eAY/blib/lib to PERL5LIB for \'test\'
Running make test
  Has already been tested successfully
']['Running test for module \'CPAN::Test::Dummy::Perl5::Make\'
Running make for A/AN/ANDK/CPAN-Test-Dummy-Perl5-Make-1.05.tar.gz
Prepending /usr/src/perl/exts/CPAN-1.9102/t/dot-cpan/build/CPAN-Test-Dummy-Perl5-Make-1.05-e45eAY/blib/arch /usr/src/perl/exts/CPAN-1.9102/t/dot-cpan/build/CPAN-Test-Dummy-Perl5-Make-1.05-e45eAY/blib/lib to PERL5LIB for \'get\'
  Has already been unwrapped into directory /usr/src/perl/exts/CPAN-1.9102/t/dot-cpan/build/CPAN-Test-Dummy-Perl5-Make-1.05-e45eAY
Prepending /usr/src/perl/exts/CPAN-1.9102/t/dot-cpan/build/CPAN-Test-Dummy-Perl5-Make-1.05-e45eAY/blib/arch /usr/src/perl/exts/CPAN-1.9102/t/dot-cpan/build/CPAN-Test-Dummy-Perl5-Make-1.05-e45eAY/blib/lib to PERL5LIB for \'make\'
  Has already been made
Prepending /usr/src/perl/exts/CPAN-1.9102/t/dot-cpan/build/CPAN-Test-Dummy-Perl5-Make-1.05-e45eAY/blib/arch /usr/src/perl/exts/CPAN-1.9102/t/dot-cpan/build/CPAN-Test-Dummy-Perl5-Make-1.05-e45eAY/blib/lib to PERL5LIB for \'test\'
Running make test
make[1]: Entering directory `/usr/src/perl/exts/CPAN-1.9102/t/dot-cpan/build/CPAN-Test-Dummy-Perl5-Make-1.05-e45eAY\'
/bin/perl.exe "-MExtUtils::Command::MM" "-e" "test_harness(0, \'blib/lib\', \'blib/arch\')" t/*.t
t/00_load....ok
All tests successful.
Files=1, Tests=2,  0 wallclock secs ( 0.04 cusr +  0.14 csys =  0.18 CPU)
make[1]: Leaving directory `/usr/src/perl/exts/CPAN-1.9102/t/dot-cpan/build/CPAN-Test-Dummy-Perl5-Make-1.05-e45eAY\'
  ANDK/CPAN-Test-Dummy-Perl5-Make-1.05.tar.gz
  /bin/make test -- OK
']['Running test for module \'CPAN::Test::Dummy::Perl5::Build::Fails\'
Running make for A/AN/ANDK/CPAN-Test-Dummy-Perl5-Build-Fails-1.03.tar.gz
Prepending /usr/src/perl/exts/CPAN-1.9102/t/dot-cpan/build/CPAN-Test-Dummy-Perl5-Make-1.05-e45eAY/blib/arch /usr/src/perl/exts/CPAN-1.9102/t/dot-cpan/build/CPAN-Test-Dummy-Perl5-Make-1.05-e45eAY/blib/lib to PERL5LIB for \'get\'
Checksum for /usr/src/perl/exts/CPAN-1.9102/t/CPAN/authors/id/A/AN/ANDK/CPAN-Test-Dummy-Perl5-Build-Fails-1.03.tar.gz ok
CPAN-Test-Dummy-Perl5-Build-Fails-1.03/
CPAN-Test-Dummy-Perl5-Build-Fails-1.03/t/
CPAN-Test-Dummy-Perl5-Build-Fails-1.03/t/00_load.t
CPAN-Test-Dummy-Perl5-Build-Fails-1.03/MANIFEST
CPAN-Test-Dummy-Perl5-Build-Fails-1.03/META.yml
CPAN-Test-Dummy-Perl5-Build-Fails-1.03/Changes
CPAN-Test-Dummy-Perl5-Build-Fails-1.03/lib/
CPAN-Test-Dummy-Perl5-Build-Fails-1.03/lib/CPAN/
CPAN-Test-Dummy-Perl5-Build-Fails-1.03/lib/CPAN/Test/
CPAN-Test-Dummy-Perl5-Build-Fails-1.03/lib/CPAN/Test/Dummy/
CPAN-Test-Dummy-Perl5-Build-Fails-1.03/lib/CPAN/Test/Dummy/Perl5/
CPAN-Test-Dummy-Perl5-Build-Fails-1.03/lib/CPAN/Test/Dummy/Perl5/Build/
CPAN-Test-Dummy-Perl5-Build-Fails-1.03/lib/CPAN/Test/Dummy/Perl5/Build/Fails.pm
CPAN-Test-Dummy-Perl5-Build-Fails-1.03/README
CPAN-Test-Dummy-Perl5-Build-Fails-1.03/Build.PL
Prepending /usr/src/perl/exts/CPAN-1.9102/t/dot-cpan/build/CPAN-Test-Dummy-Perl5-Make-1.05-e45eAY/blib/arch /usr/src/perl/exts/CPAN-1.9102/t/dot-cpan/build/CPAN-Test-Dummy-Perl5-Make-1.05-e45eAY/blib/lib to PERL5LIB for \'make\'

  CPAN.pm: Going to build A/AN/ANDK/CPAN-Test-Dummy-Perl5-Build-Fails-1.03.tar.gz

Checking whether your kit is complete...
Looks good

Checking prerequisites...
Looks good

Creating new \'Build\' script for \'CPAN-Test-Dummy-Perl5-Build-Fails\' version \'1.03\'
CPAN: Module::Build loaded ok (v0.2808)
Copying lib/CPAN/Test/Dummy/Perl5/Build/Fails.pm -> blib/lib/CPAN/Test/Dummy/Perl5/Build/Fails.pm
Manifying blib/lib/CPAN/Test/Dummy/Perl5/Build/Fails.pm -> blib/libdoc/CPAN.Test.Dummy.Perl5.Build.Fails.3pm
  ANDK/CPAN-Test-Dummy-Perl5-Build-Fails-1.03.tar.gz
  ./Build -- OK
Prepending /usr/src/perl/exts/CPAN-1.9102/t/dot-cpan/build/CPAN-Test-Dummy-Perl5-Make-1.05-e45eAY/blib/arch /usr/src/perl/exts/CPAN-1.9102/t/dot-cpan/build/CPAN-Test-Dummy-Perl5-Make-1.05-e45eAY/blib/lib to PERL5LIB for \'test\'
Running Build test
The version of your Test::Harness is only
  \'2.56\', you need at least \'2.62\'. Please upgrade your Test::Harness.
Failed during this command:
 ANDK/CPAN-Test-Dummy-Perl5-Build-Fails-1.03.tar.gz: make_test NO Test::Harness too old
'] at t/31sessions.t line 184.

#   Failed test 'command[test CPAN::Test::Dummy::Perl5::Build::Fails]'
#   in t/31sessions.t at line 180.
#                   'Running test for module 'CPAN::Test::Dummy::Perl5::Build::Fails'
# Running Build for A/AN/ANDK/CPAN-Test-Dummy-Perl5-Build-Fails-1.03.tar.gz
# Prepending /usr/src/perl/exts/CPAN-1.9102/t/dot-cpan/build/CPAN-Test-Dummy-Perl5-Make-1.05-e45eAY/blib/arch /usr/src/perl/exts/CPAN-1.9102/t/dot-cpan/build/CPAN-Test-Dummy-Perl5-Make-1.05-e45eAY/blib/lib to PERL5LIB for 'get'
#   Has already been unwrapped into directory /usr/src/perl/exts/CPAN-1.9102/t/dot-cpan/build/CPAN-Test-Dummy-Perl5-Build-Fails-1.03-QkzLko
# Prepending /usr/src/perl/exts/CPAN-1.9102/t/dot-cpan/build/CPAN-Test-Dummy-Perl5-Make-1.05-e45eAY/blib/arch /usr/src/perl/exts/CPAN-1.9102/t/dot-cpan/build/CPAN-Test-Dummy-Perl5-Make-1.05-e45eAY/blib/lib to PERL5LIB for 'make'
#   Has already been made
# Prepending /usr/src/perl/exts/CPAN-1.9102/t/dot-cpan/build/CPAN-Test-Dummy-Perl5-Make-1.05-e45eAY/blib/arch /usr/src/perl/exts/CPAN-1.9102/t/dot-cpan/build/CPAN-Test-Dummy-Perl5-Make-1.05-e45eAY/blib/lib to PERL5LIB for 'test'
# Running Build test
# The version of your Test::Harness is only
#   '2.56', you need at least '2.62'. Please upgrade your Test::Harness.
# Failed during this command:
#  ANDK/CPAN-Test-Dummy-Perl5-Build-Fails-1.03.tar.gz: make_test NO Test::Harness too old
# '
#     doesn't match '/t/00_load.+FAILED/'
# ['']["CPAN: Storable loaded ok (v2.15)\cJGoing to read /usr/src/perl/exts/CPAN-1.9102/t/dot-cpan/Metadata\cJWarning: Found only 31 objects in /usr/src/perl/exts/CPAN-1.9102/t/dot-cpan/Metadata\cJCPAN: LWP::UserAgent loaded ok (v2.033)\cJCPAN: Time::HiRes loaded ok (v1.86)\cJCPAN: URI::URL loaded ok (v5.03)\cJCPAN: YAML loaded ok (v0.62)\cJGoing to read /usr/src/perl/exts/CPAN-1.9102/t/CPAN/authors/01mailrc.txt\cJCPAN: Compress::Zlib loaded ok (v2.005)\cJGoing to read /usr/src/perl/exts/CPAN-1.9102/t/dot-cpan/build/\cJ............................................................................DONE\cJFound 3 old builds, restored the state of 3\cJ............................................................................DONE\cJGoing to read /usr/src/perl/exts/CPAN-1.9102/t/CPAN/modules/02packages.details.txt\cJ  Database was generated on Tue, 03 Feb 1970 03:17:06 GMT\cJWarning: This index file is 15057 days old.\cJ  Please check the host you chose as your CPAN mirror for staleness.\cJ  I'll continue but problems seem likely to happen.\cG\cJ............................................................................DONE\cJGoing to read /usr/src/perl/exts/CPAN-1.9102/t/CPAN/modules/03modlist.data\cJ............................................................................DONE\cJGoing to write /usr/src/perl/exts/CPAN-1.9102/t/dot-cpan/Metadata\cJRunning get for module 'CPAN::Test::Dummy::Perl5::Make'\cJPrepending /usr/src/perl/exts/CPAN-1.9102/t/dot-cpan/build/CPAN-Test-Dummy-Perl5-Make-1.05-e45eAY/blib/arch /usr/src/perl/exts/CPAN-1.9102/t/dot-cpan/build/CPAN-Test-Dummy-Perl5-Make-1.05-e45eAY/blib/lib to PERL5LIB for 'get'\cJ  Has already been unwrapped into directory /usr/src/perl/exts/CPAN-1.9102/t/dot-cpan/build/CPAN-Test-Dummy-Perl5-Make-1.05-e45eAY\cJ"]['Running make for module \'CPAN::Test::Dummy::Perl5::Make\'
Running make for A/AN/ANDK/CPAN-Test-Dummy-Perl5-Make-1.05.tar.gz
Prepending /usr/src/perl/exts/CPAN-1.9102/t/dot-cpan/build/CPAN-Test-Dummy-Perl5-Make-1.05-e45eAY/blib/arch /usr/src/perl/exts/CPAN-1.9102/t/dot-cpan/build/CPAN-Test-Dummy-Perl5-Make-1.05-e45eAY/blib/lib to PERL5LIB for \'get\'
  Has already been unwrapped into directory /usr/src/perl/exts/CPAN-1.9102/t/dot-cpan/build/CPAN-Test-Dummy-Perl5-Make-1.05-e45eAY
Prepending /usr/src/perl/exts/CPAN-1.9102/t/dot-cpan/build/CPAN-Test-Dummy-Perl5-Make-1.05-e45eAY/blib/arch /usr/src/perl/exts/CPAN-1.9102/t/dot-cpan/build/CPAN-Test-Dummy-Perl5-Make-1.05-e45eAY/blib/lib to PERL5LIB for \'make\'
  Has already been made
']['Running test for module \'CPAN::Test::Dummy::Perl5::Make\'
Running make for A/AN/ANDK/CPAN-Test-Dummy-Perl5-Make-1.05.tar.gz
Prepending /usr/src/perl/exts/CPAN-1.9102/t/dot-cpan/build/CPAN-Test-Dummy-Perl5-Make-1.05-e45eAY/blib/arch /usr/src/perl/exts/CPAN-1.9102/t/dot-cpan/build/CPAN-Test-Dummy-Perl5-Make-1.05-e45eAY/blib/lib to PERL5LIB for \'get\'
  Has already been unwrapped into directory /usr/src/perl/exts/CPAN-1.9102/t/dot-cpan/build/CPAN-Test-Dummy-Perl5-Make-1.05-e45eAY
Prepending /usr/src/perl/exts/CPAN-1.9102/t/dot-cpan/build/CPAN-Test-Dummy-Perl5-Make-1.05-e45eAY/blib/arch /usr/src/perl/exts/CPAN-1.9102/t/dot-cpan/build/CPAN-Test-Dummy-Perl5-Make-1.05-e45eAY/blib/lib to PERL5LIB for \'make\'
  Has already been made
Prepending /usr/src/perl/exts/CPAN-1.9102/t/dot-cpan/build/CPAN-Test-Dummy-Perl5-Make-1.05-e45eAY/blib/arch /usr/src/perl/exts/CPAN-1.9102/t/dot-cpan/build/CPAN-Test-Dummy-Perl5-Make-1.05-e45eAY/blib/lib to PERL5LIB for \'test\'
Running make test
  Has already been tested successfully
']['Running get for module \'CPAN::Test::Dummy::Perl5::Build::Fails\'
Prepending /usr/src/perl/exts/CPAN-1.9102/t/dot-cpan/build/CPAN-Test-Dummy-Perl5-Make-1.05-e45eAY/blib/arch /usr/src/perl/exts/CPAN-1.9102/t/dot-cpan/build/CPAN-Test-Dummy-Perl5-Make-1.05-e45eAY/blib/lib to PERL5LIB for \'get\'
  Has already been unwrapped into directory /usr/src/perl/exts/CPAN-1.9102/t/dot-cpan/build/CPAN-Test-Dummy-Perl5-Build-Fails-1.03-QkzLko
']['Running make for module \'CPAN::Test::Dummy::Perl5::Build::Fails\'
Running Build for A/AN/ANDK/CPAN-Test-Dummy-Perl5-Build-Fails-1.03.tar.gz
Prepending /usr/src/perl/exts/CPAN-1.9102/t/dot-cpan/build/CPAN-Test-Dummy-Perl5-Make-1.05-e45eAY/blib/arch /usr/src/perl/exts/CPAN-1.9102/t/dot-cpan/build/CPAN-Test-Dummy-Perl5-Make-1.05-e45eAY/blib/lib to PERL5LIB for \'get\'
  Has already been unwrapped into directory /usr/src/perl/exts/CPAN-1.9102/t/dot-cpan/build/CPAN-Test-Dummy-Perl5-Build-Fails-1.03-QkzLko
Prepending /usr/src/perl/exts/CPAN-1.9102/t/dot-cpan/build/CPAN-Test-Dummy-Perl5-Make-1.05-e45eAY/blib/arch /usr/src/perl/exts/CPAN-1.9102/t/dot-cpan/build/CPAN-Test-Dummy-Perl5-Make-1.05-e45eAY/blib/lib to PERL5LIB for \'make\'

  CPAN.pm: Going to build A/AN/ANDK/CPAN-Test-Dummy-Perl5-Build-Fails-1.03.tar.gz

Checking whether your kit is complete...
Looks good

Checking prerequisites...
Looks good

Creating new \'Build\' script for \'CPAN-Test-Dummy-Perl5-Build-Fails\' version \'1.03\'
CPAN: Module::Build loaded ok (v0.2808)
Copying lib/CPAN/Test/Dummy/Perl5/Build/Fails.pm -> blib/lib/CPAN/Test/Dummy/Perl5/Build/Fails.pm
Manifying blib/lib/CPAN/Test/Dummy/Perl5/Build/Fails.pm -> blib/libdoc/CPAN.Test.Dummy.Perl5.Build.Fails.3pm
  ANDK/CPAN-Test-Dummy-Perl5-Build-Fails-1.03.tar.gz
  ./Build -- OK
'] at t/31sessions.t line 184.
Warning: prerequisite CPAN::Test::Dummy::Perl5::Make::CircDepeThree 0 not found.
Warning: prerequisite CPAN::Test::Dummy::Perl5::Make::CircDepeTwo 0 not found.
Catching error: 'Couldn't move /usr/src/perl/exts/CPAN-1.9102/t/dot-cpan/build/tmp-7812/CPAN-Test-Dummy-Perl5-Make-CircDepeTwo-1.00/lib to /usr/src/perl/exts/CPAN-1.9102/t/dot-cpan/build/CPAN-Test-Dummy-Perl5-Make-CircDepeTwo-1.00-KunNd3/lib: Invalid request code at /usr/src/perl/exts/CPAN-1.9102/blib/lib/CPAN.pm line 5923
	CPAN::Distribution::run_preps_on_packagedir('CPAN::Distribution=HASH(0xaafab84)') called at /usr/src/perl/exts/CPAN-1.9102/blib/lib/CPAN.pm line 5783
	CPAN::Distribution::get('CPAN::Distribution=HASH(0xaafab84)') called at /usr/src/perl/exts/CPAN-1.9102/blib/lib/CPAN.pm line 6933
	CPAN::Distribution::make('CPAN::Distribution=HASH(0xaafab84)') called at /usr/src/perl/exts/CPAN-1.9102/blib/lib/CPAN.pm line 7994
	CPAN::Distribution::test('CPAN::Distribution=HASH(0xaafab84)') called at /usr/src/perl/exts/CPAN-1.9102/blib/lib/CPAN.pm line 9555
	eval {...} called at /usr/src/perl/exts/CPAN-1.9102/blib/lib/CPAN.pm line 9554
	CPAN::Module::rematein('CPAN::Module=HASH(0xaafa614)', 'test') called at /usr/src/perl/exts/CPAN-1.9102/blib/lib/CPAN.pm line 9584
	CPAN::Module::test('CPAN::Module=HASH(0xaafa614)') called at /usr/src/perl/exts/CPAN-1.9102/blib/lib/CPAN.pm line 3183
	CPAN::Shell::rematein('CPAN::Shell', 'test', 'CPAN::Test::Dummy::Perl5::Make::CircDepeOne') called at /usr/src/perl/exts/CPAN-1.9102/blib/lib/CPAN.pm line 3250
	CPAN::Shell::__ANON__('CPAN::Shell', 'CPAN::Test::Dummy::Perl5::Make::CircDepeOne') called at /usr/src/perl/exts/CPAN-1.9102/blib/lib/CPAN.pm line 271
	eval {...} called at /usr/src/perl/exts/CPAN-1.9102/blib/lib/CPAN.pm line 271
	CPAN::shell() called at -e line 1
' at /usr/src/perl/exts/CPAN-1.9102/blib/lib/CPAN.pm line 274
	CPAN::shell() called at -e line 1

#   Failed test 'command[test CPAN::Test::Dummy::Perl5::Make::CircDepeOne]'
#   in t/31sessions.t at line 180.
#                   'Running test for module 'CPAN::Test::Dummy::Perl5::Make::CircDepeOne'
# 'YAML' not installed, falling back to Data::Dumper and Storable to read prefs '/usr/src/perl/exts/CPAN-1.9102/t/dot-cpan/prefs'
# Running make for A/AN/ANDK/CPAN-Test-Dummy-Perl5-Make-CircDepeOne-1.00.tar.gz
# CPAN: Digest::SHA loaded ok (v5.45)
# Warning (usually harmless): 'YAML' not installed, cannot parse '/usr/src/perl/exts/CPAN-1.9102/t/dot-cpan/FTPstats.yml'
# Checksum for /usr/src/perl/exts/CPAN-1.9102/t/CPAN/authors/id/A/AN/ANDK/CPAN-Test-Dummy-Perl5-Make-CircDepeOne-1.00.tar.gz ok
# Scanning cache /usr/src/perl/exts/CPAN-1.9102/t/dot-cpan/build for sizes
# ............................................................................DONE
# CPAN-Test-Dummy-Perl5-Make-CircDepeOne-1.00/
# CPAN-Test-Dummy-Perl5-Make-CircDepeOne-1.00/t/
# CPAN-Test-Dummy-Perl5-Make-CircDepeOne-1.00/t/00_load.t
# CPAN-Test-Dummy-Perl5-Make-CircDepeOne-1.00/MANIFEST
# CPAN-Test-Dummy-Perl5-Make-CircDepeOne-1.00/lib/
# CPAN-Test-Dummy-Perl5-Make-CircDepeOne-1.00/lib/CPAN/
# CPAN-Test-Dummy-Perl5-Make-CircDepeOne-1.00/lib/CPAN/Test/
# CPAN-Test-Dummy-Perl5-Make-CircDepeOne-1.00/lib/CPAN/Test/Dummy/
# CPAN-Test-Dummy-Perl5-Make-CircDepeOne-1.00/lib/CPAN/Test/Dummy/Perl5/
# CPAN-Test-Dummy-Perl5-Make-CircDepeOne-1.00/lib/CPAN/Test/Dummy/Perl5/Make/
# CPAN-Test-Dummy-Perl5-Make-CircDepeOne-1.00/lib/CPAN/Test/Dummy/Perl5/Make/CircDepeOne.pm
# CPAN-Test-Dummy-Perl5-Make-CircDepeOne-1.00/Changes
# CPAN-Test-Dummy-Perl5-Make-CircDepeOne-1.00/README
# CPAN-Test-Dummy-Perl5-Make-CircDepeOne-1.00/Makefile.PL
# CPAN-Test-Dummy-Perl5-Make-CircDepeOne-1.00/META.yml
# CPAN: File::Temp loaded ok (v0.18)
# Warning (usually harmless): 'YAML' not installed, will not store persistent state
# 
#   CPAN.pm: Going to build A/AN/ANDK/CPAN-Test-Dummy-Perl5-Make-CircDepeOne-1.00.tar.gz
# 
# Checking if your kit is complete...
# Looks good
# Writing Makefile for CPAN::Test::Dummy::Perl5::Make::CircDepeOne
# Could not read '/usr/src/perl/exts/CPAN-1.9102/t/dot-cpan/build/CPAN-Test-Dummy-Perl5-Make-CircDepeOne-1.00-tGCNFX/META.yml'. Falling back to other methods to determine prerequisites
# ----         Unsatisfied dependencies detected during        ----
# ---- ANDK/CPAN-Test-Dummy-Perl5-Make-CircDepeOne-1.00.tar.gz ----
#     CPAN::Test::Dummy::Perl5::Make::CircDepeThree [requires]
# Running make test
#   Delayed until after prerequisites
# Running test for module 'CPAN::Test::Dummy::Perl5::Make::CircDepeThree'
# 'YAML' not installed, falling back to Data::Dumper and Storable to read prefs '/usr/src/perl/exts/CPAN-1.9102/t/dot-cpan/prefs'
# Running make for A/AN/ANDK/CPAN-Test-Dummy-Perl5-Make-CircDepeThree-1.00.tar.gz
# Warning (usually harmless): 'YAML' not installed, cannot parse '/usr/src/perl/exts/CPAN-1.9102/t/dot-cpan/FTPstats.yml'
# Checksum for /usr/src/perl/exts/CPAN-1.9102/t/CPAN/authors/id/A/AN/ANDK/CPAN-Test-Dummy-Perl5-Make-CircDepeThree-1.00.tar.gz ok
# CPAN-Test-Dummy-Perl5-Make-CircDepeThree-1.00/
# CPAN-Test-Dummy-Perl5-Make-CircDepeThree-1.00/t/
# CPAN-Test-Dummy-Perl5-Make-CircDepeThree-1.00/t/00_load.t
# CPAN-Test-Dummy-Perl5-Make-CircDepeThree-1.00/MANIFEST
# CPAN-Test-Dummy-Perl5-Make-CircDepeThree-1.00/Changes
# CPAN-Test-Dummy-Perl5-Make-CircDepeThree-1.00/README
# CPAN-Test-Dummy-Perl5-Make-CircDepeThree-1.00/Makefile.PL
# CPAN-Test-Dummy-Perl5-Make-CircDepeThree-1.00/lib/
# CPAN-Test-Dummy-Perl5-Make-CircDepeThree-1.00/lib/CPAN/
# CPAN-Test-Dummy-Perl5-Make-CircDepeThree-1.00/lib/CPAN/Test/
# CPAN-Test-Dummy-Perl5-Make-CircDepeThree-1.00/lib/CPAN/Test/Dummy/
# CPAN-Test-Dummy-Perl5-Make-CircDepeThree-1.00/lib/CPAN/Test/Dummy/Perl5/
# CPAN-Test-Dummy-Perl5-Make-CircDepeThree-1.00/lib/CPAN/Test/Dummy/Perl5/Make/
# CPAN-Test-Dummy-Perl5-Make-CircDepeThree-1.00/lib/CPAN/Test/Dummy/Perl5/Make/CircDepeThree.pm
# CPAN-Test-Dummy-Perl5-Make-CircDepeThree-1.00/META.yml
# Warning (usually harmless): 'YAML' not installed, will not store persistent state
# 
#   CPAN.pm: Going to build A/AN/ANDK/CPAN-Test-Dummy-Perl5-Make-CircDepeThree-1.00.tar.gz
# 
# Checking if your kit is complete...
# Looks good
# Writing Makefile for CPAN::Test::Dummy::Perl5::Make::CircDepeThree
# Could not read '/usr/src/perl/exts/CPAN-1.9102/t/dot-cpan/build/CPAN-Test-Dummy-Perl5-Make-CircDepeThree-1.00-YIFG7q/META.yml'. Falling back to other methods to determine prerequisites
# ----          Unsatisfied dependencies detected during         ----
# ---- ANDK/CPAN-Test-Dummy-Perl5-Make-CircDepeThree-1.00.tar.gz ----
#     CPAN::Test::Dummy::Perl5::Make::CircDepeTwo [requires]
# Running make test
#   Delayed until after prerequisites
# Running test for module 'CPAN::Test::Dummy::Perl5::Make::CircDepeTwo'
# 'YAML' not installed, falling back to Data::Dumper and Storable to read prefs '/usr/src/perl/exts/CPAN-1.9102/t/dot-cpan/prefs'
# Running make for A/AN/ANDK/CPAN-Test-Dummy-Perl5-Make-CircDepeTwo-1.00.tar.gz
# Warning (usually harmless): 'YAML' not installed, cannot parse '/usr/src/perl/exts/CPAN-1.9102/t/dot-cpan/FTPstats.yml'
# Checksum for /usr/src/perl/exts/CPAN-1.9102/t/CPAN/authors/id/A/AN/ANDK/CPAN-Test-Dummy-Perl5-Make-CircDepeTwo-1.00.tar.gz ok
# CPAN-Test-Dummy-Perl5-Make-CircDepeTwo-1.00/
# CPAN-Test-Dummy-Perl5-Make-CircDepeTwo-1.00/t/
# CPAN-Test-Dummy-Perl5-Make-CircDepeTwo-1.00/t/00_load.t
# CPAN-Test-Dummy-Perl5-Make-CircDepeTwo-1.00/MANIFEST
# CPAN-Test-Dummy-Perl5-Make-CircDepeTwo-1.00/lib/
# CPAN-Test-Dummy-Perl5-Make-CircDepeTwo-1.00/lib/CPAN/
# CPAN-Test-Dummy-Perl5-Make-CircDepeTwo-1.00/lib/CPAN/Test/
# CPAN-Test-Dummy-Perl5-Make-CircDepeTwo-1.00/lib/CPAN/Test/Dummy/
# CPAN-Test-Dummy-Perl5-Make-CircDepeTwo-1.00/lib/CPAN/Test/Dummy/Perl5/
# CPAN-Test-Dummy-Perl5-Make-CircDepeTwo-1.00/lib/CPAN/Test/Dummy/Perl5/Make/
# CPAN-Test-Dummy-Perl5-Make-CircDepeTwo-1.00/lib/CPAN/Test/Dummy/Perl5/Make/CircDepeTwo.pm
# CPAN-Test-Dummy-Perl5-Make-CircDepeTwo-1.00/Changes
# CPAN-Test-Dummy-Perl5-Make-CircDepeTwo-1.00/README
# CPAN-Test-Dummy-Perl5-Make-CircDepeTwo-1.00/Makefile.PL
# CPAN-Test-Dummy-Perl5-Make-CircDepeTwo-1.00/META.yml
# '
#     doesn't match '/(?xs:
#   Running.test.for.module.+CPAN::Test::Dummy::Perl5::Make::CircDepeOne.+
#   CPAN::Test::Dummy::Perl5::Make::CircDepeThree.+\[requires\].+
#   CPAN::Test::Dummy::Perl5::Make::CircDepeTwo.+\[requires\].+
#   CPAN::Test::Dummy::Perl5::Make::CircDepeOne.+\[requires\].+
#   Recursive.dependency.detected
# )/'
# ['']["CPAN: Storable loaded ok (v2.15)\cJGoing to read /usr/src/perl/exts/CPAN-1.9102/t/dot-cpan/Metadata\cJWarning: Found only 31 objects in /usr/src/perl/exts/CPAN-1.9102/t/dot-cpan/Metadata\cJCPAN: LWP::UserAgent loaded ok (v2.033)\cJCPAN: Time::HiRes loaded ok (v1.86)\cJCPAN: URI::URL loaded ok (v5.03)\cJGoing to read /usr/src/perl/exts/CPAN-1.9102/t/CPAN/authors/01mailrc.txt\cJCPAN: Compress::Zlib loaded ok (v2.005)\cJ............................................................................DONE\cJGoing to read /usr/src/perl/exts/CPAN-1.9102/t/CPAN/modules/02packages.details.txt\cJ  Database was generated on Tue, 03 Feb 1970 03:17:06 GMT\cJWarning: This index file is 15057 days old.\cJ  Please check the host you chose as your CPAN mirror for staleness.\cJ  I'll continue but problems seem likely to happen.\cG\cJ............................................................................DONE\cJGoing to read /usr/src/perl/exts/CPAN-1.9102/t/CPAN/modules/03modlist.data\cJ............................................................................DONE\cJGoing to write /usr/src/perl/exts/CPAN-1.9102/t/dot-cpan/Metadata\cJCPAN: Data::Dumper loaded ok (v2.121_08)\cJ\$VAR1 = 25;\cJ"] at t/31sessions.t line 184.
# Looks like you failed 4 tests of 32.
dubious
	Test returned status 4 (wstat 1024, 0x400)
DIED. FAILED tests 12-13, 24, 32
	Failed 4/32 tests, 87.50% okay
t/50pod............ok
t/51pod............ok
t/52podcover.......ok
t/60credentials....ok
Failed Test    Stat Wstat Total Fail  Failed  List of Failed
-------------------------------------------------------------------------------
t/31sessions.t    4  1024    32    4  12.50%  12-13 24 32
1 test and 1 subtest skipped.
Failed 1/13 test scripts, 92.31% okay. 4/203 subtests failed, 98.03% okay.
make: *** [test_dynamic] Error 255
Installing /usr/lib/perl5/vendor_perl/5.8/CPAN.pm
Unlinking /usr/lib/perl5/5.8/CPAN.pm (shadowing?)
Installing /usr/lib/perl5/vendor_perl/5.8/CPAN/Admin.pm
Installing /usr/lib/perl5/vendor_perl/5.8/CPAN/Debug.pm
Installing /usr/lib/perl5/vendor_perl/5.8/CPAN/FirstTime.pm
Unlinking /usr/lib/perl5/5.8/CPAN/FirstTime.pm (shadowing?)
Installing /usr/lib/perl5/vendor_perl/5.8/CPAN/HandleConfig.pm
Installing /usr/lib/perl5/vendor_perl/5.8/CPAN/Kwalify.pm
Installing /usr/lib/perl5/vendor_perl/5.8/CPAN/Nox.pm
Unlinking /usr/lib/perl5/5.8/CPAN/Nox.pm (shadowing?)
Installing /usr/lib/perl5/vendor_perl/5.8/CPAN/Queue.pm
Installing /usr/lib/perl5/vendor_perl/5.8/CPAN/Tarzip.pm
Installing /usr/lib/perl5/vendor_perl/5.8/CPAN/Version.pm
Installing /usr/lib/perl5/vendor_perl/5.8/CPAN/Kwalify/distroprefs.dd
Installing /usr/lib/perl5/vendor_perl/5.8/CPAN/Kwalify/distroprefs.yml
Installing /usr/bin/cpan
Writing /usr/lib/perl5/vendor_perl/5.8/msys/auto/CPAN/.packlist
Appending installation info to /usr/lib/perl5/5.8/msys/perllocal.pod
